This file contains any messages produced by compilers while
running configure, to aid debugging if configure makes a mistake.

It was created by configure, which was
generated by GNU Autoconf 2.59.  Invocation command line was

  $ ./configure --prefix=/home/andrewtsai/test_gpl/unic-gpl/libiberty/xinst/DNS-327L --host=arm-marvell-linux-gnueabi --prefix=/home/andrewtsai/test_gpl/unic-gpl/libiberty/xinst/DNS-327L host_alias=arm-marvell-linux-gnueabi --cache-file=/dev/null --srcdir=.

## --------- ##
## Platform. ##
## --------- ##

hostname = swtest5
uname -m = x86_64
uname -r = 3.2.0-4-amd64
uname -s = Linux
uname -v = #1 SMP Debian 3.2.35-2

/usr/bin/uname -p = unknown
/bin/uname -X     = unknown

/bin/arch              = unknown
/usr/bin/arch -k       = unknown
/usr/convex/getsysinfo = unknown
hostinfo               = unknown
/bin/machine           = unknown
/usr/bin/oslevel       = unknown
/bin/universe          = unknown

PATH: /opt_gccarm/armv7-marvell-linux-gnueabi-softfp_i686/bin
PATH: /usr/local/bin
PATH: /usr/bin
PATH: /bin
PATH: /usr/local/games
PATH: /usr/games


## ----------- ##
## Core tests. ##
## ----------- ##

configure:1400: checking whether to enable maintainer-specific portions of Makefiles
configure:1410: result: no
configure:1425: checking for makeinfo
configure:1454: result: no
configure:1490: checking for perl
configure:1506: found /usr/bin/perl
configure:1516: result: perl
configure:1536: checking build system type
configure:1554: result: x86_64-unknown-linux-gnu
configure:1562: checking host system type
configure:1576: result: arm-marvell-linux-gnueabi
configure:1589: checking for arm-marvell-linux-gnueabi-ar
configure:1615: result: arm-marvell-linux-gnueabi-ar
configure:1668: checking for arm-marvell-linux-gnueabi-ranlib
configure:1694: result: arm-marvell-linux-gnueabi-ranlib
configure:1778: checking for arm-marvell-linux-gnueabi-gcc
configure:1804: result: arm-marvell-linux-gnueabi-gcc
configure:2088: checking for C compiler version
configure:2091: arm-marvell-linux-gnueabi-gcc --version </dev/null >&5
arm-marvell-linux-gnueabi-gcc (Linaro GCC branch-4.6.4. Marvell GCC 201211-1642.a7a01a7a) 4.6.4 20120731 (prerelease)
Copyright (C) 2011 Free Software Foundation, Inc.
This is free software; see the source for copying conditions.  There is NO
warranty; not even for MERCHANTABILITY or FITNESS FOR A PARTICULAR PURPOSE.

configure:2094: $? = 0
configure:2096: arm-marvell-linux-gnueabi-gcc -v </dev/null >&5
Using built-in specs.
COLLECT_GCC=arm-marvell-linux-gnueabi-gcc
COLLECT_LTO_WRAPPER=/opt_gccarm/armv7-marvell-linux-gnueabi-softfp_i686/bin/../libexec/gcc/arm-marvell-linux-gnueabi/4.6.4/lto-wrapper
Target: arm-marvell-linux-gnueabi
Configured with: /home/neilh/work/gcc/mrvl_gcc4.6/src/gcc-src/configure --host=i486-linux-gnu --build=i486-linux-gnu --target=arm-marvell-linux-gnueabi --prefix=/home/neilh/work/gcc/mrvl_gcc4.6/Release/install/armv7-marvell-linux-gnueabi-softfp_i686 --with-gnu-as --with-gnu-ld --enable-symvers=gnu --enable-__cxa_atexit --with-pkgversion='Linaro GCC branch-4.6.4. Marvell GCC 201211-1642.a7a01a7a' --with-bugurl=mailto:mrvlgccbug@gmail.com --disable-nls --disable-libmudflap --disable-libstdcxx-pch --disable-libssp --enable-shared --enable-threads --enable-languages=c,c++ --with-sysroot=/home/neilh/work/gcc/mrvl_gcc4.6/Release/install/armv7-marvell-linux-gnueabi-softfp_i686/arm-marvell-linux-gnueabi/libc --with-build-sysroot=/home/neilh/work/gcc/mrvl_gcc4.6/Release/install/armv7-marvell-linux-gnueabi-softfp_i686/arm-marvell-linux-gnueabi/libc --with-gmp=/home/neilh/work/gcc/mrvl_gcc4.6/host_libs_marvell/i686/install --with-mpfr=/home/neilh/work/gcc/mrvl_gcc4.6/host_libs_marvell/i686/install --with-ppl=/home/neilh/work/gcc/mrvl_gcc4.6/host_libs_marvell/i686/install --with-host-libstdcxx='-static-libgcc -Wl,-Bstatic,-lstdc++,-Bdynamic -lm' --with-cloog=/home/neilh/work/gcc/mrvl_gcc4.6/host_libs_marvell/i686/install --enable-cloog-backend=isl --with-mpc=/home/neilh/work/gcc/mrvl_gcc4.6/host_libs_marvell/i686/install --enable-poison-system-directories --enable-lto --enable-libgomp --with-build-time-tools=/home/neilh/work/gcc/mrvl_gcc4.6/Release/install/armv7-marvell-linux-gnueabi-softfp_i686/arm-marvell-linux-gnueabi/bin --with-specs='%{funwind-tables|fno-unwind-tables|mabi=*|ffreestanding|nostdlib:;:-funwind-tables}' --with-cpu=marvell-pj4 --with-float=softfp --with-fpu=vfpv3-d16 --enable-mvl-thumb2-multilibs
Thread model: posix
gcc version 4.6.4 20120731 (prerelease) (Linaro GCC branch-4.6.4. Marvell GCC 201211-1642.a7a01a7a) 
configure:2099: $? = 0
configure:2101: arm-marvell-linux-gnueabi-gcc -V </dev/null >&5
arm-marvell-linux-gnueabi-gcc: fatal error: no input files
compilation terminated.
configure:2104: $? = 1
configure:2123: arm-marvell-linux-gnueabi-gcc -o conftest  -I/home/andrewtsai/test_Grive/unic/module/include -L/home/andrewtsai/test_Grive/unic/module/lib/DNS-327L conftest.c  >&5
configure:2126: $? = 0
configure:2160: checking for C compiler default output file name
configure:2163: arm-marvell-linux-gnueabi-gcc  -I/home/andrewtsai/test_Grive/unic/module/include -L/home/andrewtsai/test_Grive/unic/module/lib/DNS-327L conftest.c  >&5
configure:2166: $? = 0
configure:2214: result: a.out
configure:2219: checking whether the C compiler works
configure:2225: ./a.out
./configure: line 2226: ./a.out: cannot execute binary file
configure:2228: $? = 126
configure:2247: result: yes
configure:2254: checking whether we are cross compiling
configure:2256: result: yes
configure:2259: checking for suffix of executables
configure:2261: arm-marvell-linux-gnueabi-gcc -o conftest  -I/home/andrewtsai/test_Grive/unic/module/include -L/home/andrewtsai/test_Grive/unic/module/lib/DNS-327L conftest.c  >&5
configure:2264: $? = 0
configure:2291: result: 
configure:2298: checking for suffix of object files
configure:2319: arm-marvell-linux-gnueabi-gcc -c  -I/home/andrewtsai/test_Grive/unic/module/include conftest.c >&5
configure:2322: $? = 0
configure:2346: result: o
configure:2350: checking whether we are using the GNU C compiler
configure:2374: arm-marvell-linux-gnueabi-gcc -c  -I/home/andrewtsai/test_Grive/unic/module/include conftest.c >&5
configure:2380: $? = 0
configure:2384: test -z 
			 || test ! -s conftest.err
configure:2387: $? = 0
configure:2390: test -s conftest.o
configure:2393: $? = 0
configure:2406: result: yes
configure:2412: checking whether arm-marvell-linux-gnueabi-gcc accepts -g
configure:2433: arm-marvell-linux-gnueabi-gcc -c -g -I/home/andrewtsai/test_Grive/unic/module/include conftest.c >&5
configure:2439: $? = 0
configure:2443: test -z 
			 || test ! -s conftest.err
configure:2446: $? = 0
configure:2449: test -s conftest.o
configure:2452: $? = 0
configure:2463: result: yes
configure:2480: checking for arm-marvell-linux-gnueabi-gcc option to accept ANSI C
configure:2550: arm-marvell-linux-gnueabi-gcc  -c -g -O2 -I/home/andrewtsai/test_Grive/unic/module/include conftest.c >&5
configure:2556: $? = 0
configure:2560: test -z 
			 || test ! -s conftest.err
configure:2563: $? = 0
configure:2566: test -s conftest.o
configure:2569: $? = 0
configure:2587: result: none needed
configure:2605: arm-marvell-linux-gnueabi-gcc -c -g -O2 -I/home/andrewtsai/test_Grive/unic/module/include conftest.c >&5
conftest.c:2:3: error: unknown type name 'choke'
conftest.c:2:3: error: expected '=', ',', ';', 'asm' or '__attribute__' at end of input
configure:2611: $? = 1
configure: failed program was:
| #ifndef __cplusplus
|   choke me
| #endif
configure:2752: checking for special C compiler options needed for large files
configure:2851: result: no
configure:2857: checking for _FILE_OFFSET_BITS value needed for large files
configure:2888: arm-marvell-linux-gnueabi-gcc -c -g -O2 -I/home/andrewtsai/test_Grive/unic/module/include conftest.c >&5
conftest.c:15:3: warning: left shift count >= width of type [enabled by default]
conftest.c:15:3: warning: left shift count >= width of type [enabled by default]
conftest.c:16:10: warning: left shift count >= width of type [enabled by default]
conftest.c:16:10: warning: left shift count >= width of type [enabled by default]
conftest.c:15:7: error: size of array 'off_t_is_large' is negative
conftest.c:17:9: warning: variably modified 'off_t_is_large' at file scope [enabled by default]
configure:2894: $? = 1
configure: failed program was:
| /* confdefs.h.  */
| 
| #define PACKAGE_NAME ""
| #define PACKAGE_TARNAME ""
| #define PACKAGE_VERSION ""
| #define PACKAGE_STRING ""
| #define PACKAGE_BUGREPORT ""
| /* end confdefs.h.  */
| #include <sys/types.h>
|  /* Check that off_t can represent 2**63 - 1 correctly.
|     We can't simply define LARGE_OFF_T to be 9223372036854775807,
|     since some C++ compilers masquerading as C compilers
|     incorrectly reject 9223372036854775807.  */
| #define LARGE_OFF_T (((off_t) 1 << 62) - 1 + ((off_t) 1 << 62))
|   int off_t_is_large[(LARGE_OFF_T % 2147483629 == 721
| 		       && LARGE_OFF_T % 2147483647 == 1)
| 		      ? 1 : -1];
| int
| main ()
| {
| 
|   ;
|   return 0;
| }
configure:2941: arm-marvell-linux-gnueabi-gcc -c -g -O2 -I/home/andrewtsai/test_Grive/unic/module/include conftest.c >&5
configure:2947: $? = 0
configure:2951: test -z 
			 || test ! -s conftest.err
configure:2954: $? = 0
configure:2957: test -s conftest.o
configure:2960: $? = 0
configure:2972: result: 64
configure:2982: checking for _LARGE_FILES value needed for large files
configure:3013: arm-marvell-linux-gnueabi-gcc -c -g -O2 -I/home/andrewtsai/test_Grive/unic/module/include conftest.c >&5
configure:3019: $? = 0
configure:3023: test -z 
			 || test ! -s conftest.err
configure:3026: $? = 0
configure:3029: test -s conftest.o
configure:3032: $? = 0
configure:3097: result: no
configure:3114: checking how to run the C preprocessor
configure:3149: arm-marvell-linux-gnueabi-gcc -E -I/home/andrewtsai/test_Grive/unic/module/include conftest.c
configure:3155: $? = 0
configure:3187: arm-marvell-linux-gnueabi-gcc -E -I/home/andrewtsai/test_Grive/unic/module/include conftest.c
conftest.c:10:28: fatal error: ac_nonexistent.h: No such file or directory
compilation terminated.
configure:3193: $? = 1
configure: failed program was:
| /* confdefs.h.  */
| 
| #define PACKAGE_NAME ""
| #define PACKAGE_TARNAME ""
| #define PACKAGE_VERSION ""
| #define PACKAGE_STRING ""
| #define PACKAGE_BUGREPORT ""
| #define _FILE_OFFSET_BITS 64
| /* end confdefs.h.  */
| #include <ac_nonexistent.h>
configure:3232: result: arm-marvell-linux-gnueabi-gcc -E
configure:3256: arm-marvell-linux-gnueabi-gcc -E -I/home/andrewtsai/test_Grive/unic/module/include conftest.c
configure:3262: $? = 0
configure:3294: arm-marvell-linux-gnueabi-gcc -E -I/home/andrewtsai/test_Grive/unic/module/include conftest.c
conftest.c:10:28: fatal error: ac_nonexistent.h: No such file or directory
compilation terminated.
configure:3300: $? = 1
configure: failed program was:
| /* confdefs.h.  */
| 
| #define PACKAGE_NAME ""
| #define PACKAGE_TARNAME ""
| #define PACKAGE_VERSION ""
| #define PACKAGE_STRING ""
| #define PACKAGE_BUGREPORT ""
| #define _FILE_OFFSET_BITS 64
| /* end confdefs.h.  */
| #include <ac_nonexistent.h>
configure:3354: checking whether arm-marvell-linux-gnueabi-gcc supports -W
configure:3376: arm-marvell-linux-gnueabi-gcc -c -W -I/home/andrewtsai/test_Grive/unic/module/include conftest.c >&5
configure:3382: $? = 0
configure:3386: test -z 
			 || test ! -s conftest.err
configure:3389: $? = 0
configure:3392: test -s conftest.o
configure:3395: $? = 0
configure:3407: result: yes
configure:3354: checking whether arm-marvell-linux-gnueabi-gcc supports -Wall
configure:3376: arm-marvell-linux-gnueabi-gcc -c -Wall -I/home/andrewtsai/test_Grive/unic/module/include conftest.c >&5
configure:3382: $? = 0
configure:3386: test -z 
			 || test ! -s conftest.err
configure:3389: $? = 0
configure:3392: test -s conftest.o
configure:3395: $? = 0
configure:3407: result: yes
configure:3354: checking whether arm-marvell-linux-gnueabi-gcc supports -Wwrite-strings
configure:3376: arm-marvell-linux-gnueabi-gcc -c -Wwrite-strings -I/home/andrewtsai/test_Grive/unic/module/include conftest.c >&5
configure:3382: $? = 0
configure:3386: test -z 
			 || test ! -s conftest.err
configure:3389: $? = 0
configure:3392: test -s conftest.o
configure:3395: $? = 0
configure:3407: result: yes
configure:3354: checking whether arm-marvell-linux-gnueabi-gcc supports -Wc++-compat
configure:3376: arm-marvell-linux-gnueabi-gcc -c -Wc++-compat -I/home/andrewtsai/test_Grive/unic/module/include conftest.c >&5
configure:3382: $? = 0
configure:3386: test -z 
			 || test ! -s conftest.err
configure:3389: $? = 0
configure:3392: test -s conftest.o
configure:3395: $? = 0
configure:3407: result: yes
configure:3354: checking whether arm-marvell-linux-gnueabi-gcc supports -Wstrict-prototypes
configure:3376: arm-marvell-linux-gnueabi-gcc -c -Wstrict-prototypes -I/home/andrewtsai/test_Grive/unic/module/include conftest.c >&5
conftest.c:12:1: warning: function declaration isn't a prototype [-Wstrict-prototypes]
configure:3382: $? = 0
configure:3386: test -z 
			 || test ! -s conftest.err
configure:3389: $? = 0
configure:3392: test -s conftest.o
configure:3395: $? = 0
configure:3407: result: yes
configure:3417: checking whether arm-marvell-linux-gnueabi-gcc supports -pedantic 
configure:3440: arm-marvell-linux-gnueabi-gcc -c -pedantic  -I/home/andrewtsai/test_Grive/unic/module/include conftest.c >&5
configure:3446: $? = 0
configure:3450: test -z 
			 || test ! -s conftest.err
configure:3453: $? = 0
configure:3456: test -s conftest.o
configure:3459: $? = 0
configure:3471: result: yes
configure:3483: checking whether arm-marvell-linux-gnueabi-gcc and cc understand -c and -o together
configure:3513: arm-marvell-linux-gnueabi-gcc -c conftest.c -o conftest.o >&5
configure:3516: $? = 0
configure:3518: arm-marvell-linux-gnueabi-gcc -c conftest.c -o conftest.o >&5
configure:3521: $? = 0
configure:3528: cc -c conftest.c >&5
configure:3531: $? = 0
configure:3534: cc -c conftest.c -o conftest.o >&5
configure:3537: $? = 0
configure:3539: cc -c conftest.c -o conftest.o >&5
configure:3542: $? = 0
configure:3560: result: yes
configure:3581: checking for an ANSI C-conforming const
configure:3648: arm-marvell-linux-gnueabi-gcc -c -g -O2 -I/home/andrewtsai/test_Grive/unic/module/include conftest.c >&5
configure:3654: $? = 0
configure:3658: test -z 
			 || test ! -s conftest.err
configure:3661: $? = 0
configure:3664: test -s conftest.o
configure:3667: $? = 0
configure:3678: result: yes
configure:3688: checking for inline
configure:3709: arm-marvell-linux-gnueabi-gcc -c -g -O2 -I/home/andrewtsai/test_Grive/unic/module/include conftest.c >&5
configure:3715: $? = 0
configure:3719: test -z 
			 || test ! -s conftest.err
configure:3722: $? = 0
configure:3725: test -s conftest.o
configure:3728: $? = 0
configure:3740: result: inline
configure:3759: checking whether byte ordering is bigendian
configure:3786: arm-marvell-linux-gnueabi-gcc -c -g -O2 -I/home/andrewtsai/test_Grive/unic/module/include conftest.c >&5
configure:3792: $? = 0
configure:3796: test -z 
			 || test ! -s conftest.err
configure:3799: $? = 0
configure:3802: test -s conftest.o
configure:3805: $? = 0
configure:3829: arm-marvell-linux-gnueabi-gcc -c -g -O2 -I/home/andrewtsai/test_Grive/unic/module/include conftest.c >&5
conftest.c: In function 'main':
conftest.c:17:2: error: unknown type name 'not'
conftest.c:17:10: error: expected '=', ',', ';', 'asm' or '__attribute__' before 'endian'
configure:3835: $? = 1
configure: failed program was:
| /* confdefs.h.  */
| 
| #define PACKAGE_NAME ""
| #define PACKAGE_TARNAME ""
| #define PACKAGE_VERSION ""
| #define PACKAGE_STRING ""
| #define PACKAGE_BUGREPORT ""
| #define _FILE_OFFSET_BITS 64
| /* end confdefs.h.  */
| #include <sys/types.h>
| #include <sys/param.h>
| 
| int
| main ()
| {
| #if BYTE_ORDER != BIG_ENDIAN
|  not big endian
| #endif
| 
|   ;
|   return 0;
| }
configure:3970: result: no
configure:4009: checking for a BSD-compatible install
configure:4064: result: /usr/bin/install -c
configure:4178: checking for sys/file.h
configure:4191: arm-marvell-linux-gnueabi-gcc -E -I/home/andrewtsai/test_Grive/unic/module/include conftest.c
configure:4197: $? = 0
configure:4218: result: yes
configure:4178: checking for sys/param.h
configure:4191: arm-marvell-linux-gnueabi-gcc -E -I/home/andrewtsai/test_Grive/unic/module/include conftest.c
configure:4197: $? = 0
configure:4218: result: yes
configure:4178: checking for limits.h
configure:4191: arm-marvell-linux-gnueabi-gcc -E -I/home/andrewtsai/test_Grive/unic/module/include conftest.c
configure:4197: $? = 0
configure:4218: result: yes
configure:4178: checking for stdlib.h
configure:4191: arm-marvell-linux-gnueabi-gcc -E -I/home/andrewtsai/test_Grive/unic/module/include conftest.c
configure:4197: $? = 0
configure:4218: result: yes
configure:4178: checking for malloc.h
configure:4191: arm-marvell-linux-gnueabi-gcc -E -I/home/andrewtsai/test_Grive/unic/module/include conftest.c
configure:4197: $? = 0
configure:4218: result: yes
configure:4178: checking for string.h
configure:4191: arm-marvell-linux-gnueabi-gcc -E -I/home/andrewtsai/test_Grive/unic/module/include conftest.c
configure:4197: $? = 0
configure:4218: result: yes
configure:4178: checking for unistd.h
configure:4191: arm-marvell-linux-gnueabi-gcc -E -I/home/andrewtsai/test_Grive/unic/module/include conftest.c
configure:4197: $? = 0
configure:4218: result: yes
configure:4178: checking for strings.h
configure:4191: arm-marvell-linux-gnueabi-gcc -E -I/home/andrewtsai/test_Grive/unic/module/include conftest.c
configure:4197: $? = 0
configure:4218: result: yes
configure:4178: checking for sys/time.h
configure:4191: arm-marvell-linux-gnueabi-gcc -E -I/home/andrewtsai/test_Grive/unic/module/include conftest.c
configure:4197: $? = 0
configure:4218: result: yes
configure:4178: checking for time.h
configure:4191: arm-marvell-linux-gnueabi-gcc -E -I/home/andrewtsai/test_Grive/unic/module/include conftest.c
configure:4197: $? = 0
configure:4218: result: yes
configure:4178: checking for sys/resource.h
configure:4191: arm-marvell-linux-gnueabi-gcc -E -I/home/andrewtsai/test_Grive/unic/module/include conftest.c
configure:4197: $? = 0
configure:4218: result: yes
configure:4178: checking for sys/stat.h
configure:4191: arm-marvell-linux-gnueabi-gcc -E -I/home/andrewtsai/test_Grive/unic/module/include conftest.c
configure:4197: $? = 0
configure:4218: result: yes
configure:4178: checking for sys/mman.h
configure:4191: arm-marvell-linux-gnueabi-gcc -E -I/home/andrewtsai/test_Grive/unic/module/include conftest.c
configure:4197: $? = 0
configure:4218: result: yes
configure:4178: checking for fcntl.h
configure:4191: arm-marvell-linux-gnueabi-gcc -E -I/home/andrewtsai/test_Grive/unic/module/include conftest.c
configure:4197: $? = 0
configure:4218: result: yes
configure:4178: checking for alloca.h
configure:4191: arm-marvell-linux-gnueabi-gcc -E -I/home/andrewtsai/test_Grive/unic/module/include conftest.c
configure:4197: $? = 0
configure:4218: result: yes
configure:4178: checking for sys/pstat.h
configure:4191: arm-marvell-linux-gnueabi-gcc -E -I/home/andrewtsai/test_Grive/unic/module/include conftest.c
conftest.c:25:23: fatal error: sys/pstat.h: No such file or directory
compilation terminated.
configure:4197: $? = 1
configure: failed program was:
| /* confdefs.h.  */
| 
| #define PACKAGE_NAME ""
| #define PACKAGE_TARNAME ""
| #define PACKAGE_VERSION ""
| #define PACKAGE_STRING ""
| #define PACKAGE_BUGREPORT ""
| #define _FILE_OFFSET_BITS 64
| #define HAVE_SYS_FILE_H 1
| #define HAVE_SYS_PARAM_H 1
| #define HAVE_LIMITS_H 1
| #define HAVE_STDLIB_H 1
| #define HAVE_MALLOC_H 1
| #define HAVE_STRING_H 1
| #define HAVE_UNISTD_H 1
| #define HAVE_STRINGS_H 1
| #define HAVE_SYS_TIME_H 1
| #define HAVE_TIME_H 1
| #define HAVE_SYS_RESOURCE_H 1
| #define HAVE_SYS_STAT_H 1
| #define HAVE_SYS_MMAN_H 1
| #define HAVE_FCNTL_H 1
| #define HAVE_ALLOCA_H 1
| /* end confdefs.h.  */
| #include <sys/pstat.h>
configure:4218: result: no
configure:4178: checking for sys/sysmp.h
configure:4191: arm-marvell-linux-gnueabi-gcc -E -I/home/andrewtsai/test_Grive/unic/module/include conftest.c
conftest.c:25:23: fatal error: sys/sysmp.h: No such file or directory
compilation terminated.
configure:4197: $? = 1
configure: failed program was:
| /* confdefs.h.  */
| 
| #define PACKAGE_NAME ""
| #define PACKAGE_TARNAME ""
| #define PACKAGE_VERSION ""
| #define PACKAGE_STRING ""
| #define PACKAGE_BUGREPORT ""
| #define _FILE_OFFSET_BITS 64
| #define HAVE_SYS_FILE_H 1
| #define HAVE_SYS_PARAM_H 1
| #define HAVE_LIMITS_H 1
| #define HAVE_STDLIB_H 1
| #define HAVE_MALLOC_H 1
| #define HAVE_STRING_H 1
| #define HAVE_UNISTD_H 1
| #define HAVE_STRINGS_H 1
| #define HAVE_SYS_TIME_H 1
| #define HAVE_TIME_H 1
| #define HAVE_SYS_RESOURCE_H 1
| #define HAVE_SYS_STAT_H 1
| #define HAVE_SYS_MMAN_H 1
| #define HAVE_FCNTL_H 1
| #define HAVE_ALLOCA_H 1
| /* end confdefs.h.  */
| #include <sys/sysmp.h>
configure:4218: result: no
configure:4178: checking for sys/sysinfo.h
configure:4191: arm-marvell-linux-gnueabi-gcc -E -I/home/andrewtsai/test_Grive/unic/module/include conftest.c
configure:4197: $? = 0
configure:4218: result: yes
configure:4178: checking for machine/hal_sysinfo.h
configure:4191: arm-marvell-linux-gnueabi-gcc -E -I/home/andrewtsai/test_Grive/unic/module/include conftest.c
conftest.c:26:33: fatal error: machine/hal_sysinfo.h: No such file or directory
compilation terminated.
configure:4197: $? = 1
configure: failed program was:
| /* confdefs.h.  */
| 
| #define PACKAGE_NAME ""
| #define PACKAGE_TARNAME ""
| #define PACKAGE_VERSION ""
| #define PACKAGE_STRING ""
| #define PACKAGE_BUGREPORT ""
| #define _FILE_OFFSET_BITS 64
| #define HAVE_SYS_FILE_H 1
| #define HAVE_SYS_PARAM_H 1
| #define HAVE_LIMITS_H 1
| #define HAVE_STDLIB_H 1
| #define HAVE_MALLOC_H 1
| #define HAVE_STRING_H 1
| #define HAVE_UNISTD_H 1
| #define HAVE_STRINGS_H 1
| #define HAVE_SYS_TIME_H 1
| #define HAVE_TIME_H 1
| #define HAVE_SYS_RESOURCE_H 1
| #define HAVE_SYS_STAT_H 1
| #define HAVE_SYS_MMAN_H 1
| #define HAVE_FCNTL_H 1
| #define HAVE_ALLOCA_H 1
| #define HAVE_SYS_SYSINFO_H 1
| /* end confdefs.h.  */
| #include <machine/hal_sysinfo.h>
configure:4218: result: no
configure:4178: checking for sys/table.h
configure:4191: arm-marvell-linux-gnueabi-gcc -E -I/home/andrewtsai/test_Grive/unic/module/include conftest.c
conftest.c:26:23: fatal error: sys/table.h: No such file or directory
compilation terminated.
configure:4197: $? = 1
configure: failed program was:
| /* confdefs.h.  */
| 
| #define PACKAGE_NAME ""
| #define PACKAGE_TARNAME ""
| #define PACKAGE_VERSION ""
| #define PACKAGE_STRING ""
| #define PACKAGE_BUGREPORT ""
| #define _FILE_OFFSET_BITS 64
| #define HAVE_SYS_FILE_H 1
| #define HAVE_SYS_PARAM_H 1
| #define HAVE_LIMITS_H 1
| #define HAVE_STDLIB_H 1
| #define HAVE_MALLOC_H 1
| #define HAVE_STRING_H 1
| #define HAVE_UNISTD_H 1
| #define HAVE_STRINGS_H 1
| #define HAVE_SYS_TIME_H 1
| #define HAVE_TIME_H 1
| #define HAVE_SYS_RESOURCE_H 1
| #define HAVE_SYS_STAT_H 1
| #define HAVE_SYS_MMAN_H 1
| #define HAVE_FCNTL_H 1
| #define HAVE_ALLOCA_H 1
| #define HAVE_SYS_SYSINFO_H 1
| /* end confdefs.h.  */
| #include <sys/table.h>
configure:4218: result: no
configure:4178: checking for sys/sysctl.h
configure:4191: arm-marvell-linux-gnueabi-gcc -E -I/home/andrewtsai/test_Grive/unic/module/include conftest.c
configure:4197: $? = 0
configure:4218: result: yes
configure:4178: checking for sys/systemcfg.h
configure:4191: arm-marvell-linux-gnueabi-gcc -E -I/home/andrewtsai/test_Grive/unic/module/include conftest.c
conftest.c:27:27: fatal error: sys/systemcfg.h: No such file or directory
compilation terminated.
configure:4197: $? = 1
configure: failed program was:
| /* confdefs.h.  */
| 
| #define PACKAGE_NAME ""
| #define PACKAGE_TARNAME ""
| #define PACKAGE_VERSION ""
| #define PACKAGE_STRING ""
| #define PACKAGE_BUGREPORT ""
| #define _FILE_OFFSET_BITS 64
| #define HAVE_SYS_FILE_H 1
| #define HAVE_SYS_PARAM_H 1
| #define HAVE_LIMITS_H 1
| #define HAVE_STDLIB_H 1
| #define HAVE_MALLOC_H 1
| #define HAVE_STRING_H 1
| #define HAVE_UNISTD_H 1
| #define HAVE_STRINGS_H 1
| #define HAVE_SYS_TIME_H 1
| #define HAVE_TIME_H 1
| #define HAVE_SYS_RESOURCE_H 1
| #define HAVE_SYS_STAT_H 1
| #define HAVE_SYS_MMAN_H 1
| #define HAVE_FCNTL_H 1
| #define HAVE_ALLOCA_H 1
| #define HAVE_SYS_SYSINFO_H 1
| #define HAVE_SYS_SYSCTL_H 1
| /* end confdefs.h.  */
| #include <sys/systemcfg.h>
configure:4218: result: no
configure:4178: checking for stdint.h
configure:4191: arm-marvell-linux-gnueabi-gcc -E -I/home/andrewtsai/test_Grive/unic/module/include conftest.c
configure:4197: $? = 0
configure:4218: result: yes
configure:4178: checking for stdio_ext.h
configure:4191: arm-marvell-linux-gnueabi-gcc -E -I/home/andrewtsai/test_Grive/unic/module/include conftest.c
configure:4197: $? = 0
configure:4218: result: yes
configure:4228: checking for sys/wait.h that is POSIX.1 compatible
configure:4259: arm-marvell-linux-gnueabi-gcc -c -g -O2 -I/home/andrewtsai/test_Grive/unic/module/include conftest.c >&5
configure:4265: $? = 0
configure:4269: test -z 
			 || test ! -s conftest.err
configure:4272: $? = 0
configure:4275: test -s conftest.o
configure:4278: $? = 0
configure:4289: result: yes
configure:4299: checking whether time.h and sys/time.h may both be included
configure:4324: arm-marvell-linux-gnueabi-gcc -c -g -O2 -I/home/andrewtsai/test_Grive/unic/module/include conftest.c >&5
configure:4330: $? = 0
configure:4334: test -z 
			 || test ! -s conftest.err
configure:4337: $? = 0
configure:4340: test -s conftest.o
configure:4343: $? = 0
configure:4354: result: yes
configure:4365: checking whether errno must be declared
configure:4386: arm-marvell-linux-gnueabi-gcc -c -g -O2 -I/home/andrewtsai/test_Grive/unic/module/include conftest.c >&5
configure:4392: $? = 0
configure:4396: test -z 
			 || test ! -s conftest.err
configure:4399: $? = 0
configure:4402: test -s conftest.o
configure:4405: $? = 0
configure:4416: result: no
configure:4428: checking for egrep
configure:4438: result: grep -E
configure:4443: checking for ANSI C header files
configure:4468: arm-marvell-linux-gnueabi-gcc -c -g -O2 -I/home/andrewtsai/test_Grive/unic/module/include conftest.c >&5
configure:4474: $? = 0
configure:4478: test -z 
			 || test ! -s conftest.err
configure:4481: $? = 0
configure:4484: test -s conftest.o
configure:4487: $? = 0
configure:4599: result: yes
configure:4623: checking for sys/types.h
configure:4636: arm-marvell-linux-gnueabi-gcc -E -I/home/andrewtsai/test_Grive/unic/module/include conftest.c
configure:4642: $? = 0
configure:4663: result: yes
configure:4623: checking for sys/stat.h
configure:4663: result: yes
configure:4623: checking for stdlib.h
configure:4663: result: yes
configure:4623: checking for string.h
configure:4663: result: yes
configure:4623: checking for memory.h
configure:4636: arm-marvell-linux-gnueabi-gcc -E -I/home/andrewtsai/test_Grive/unic/module/include conftest.c
configure:4642: $? = 0
configure:4663: result: yes
configure:4623: checking for strings.h
configure:4663: result: yes
configure:4623: checking for inttypes.h
configure:4636: arm-marvell-linux-gnueabi-gcc -E -I/home/andrewtsai/test_Grive/unic/module/include conftest.c
configure:4642: $? = 0
configure:4663: result: yes
configure:4623: checking for stdint.h
configure:4663: result: yes
configure:4623: checking for unistd.h
configure:4663: result: yes
configure:4674: checking for int
configure:4698: arm-marvell-linux-gnueabi-gcc -c -g -O2 -I/home/andrewtsai/test_Grive/unic/module/include conftest.c >&5
configure:4704: $? = 0
configure:4708: test -z 
			 || test ! -s conftest.err
configure:4711: $? = 0
configure:4714: test -s conftest.o
configure:4717: $? = 0
configure:4728: result: yes
configure:4731: checking size of int
configure:4761: arm-marvell-linux-gnueabi-gcc -c -g -O2 -I/home/andrewtsai/test_Grive/unic/module/include conftest.c >&5
configure:4767: $? = 0
configure:4771: test -z 
			 || test ! -s conftest.err
configure:4774: $? = 0
configure:4777: test -s conftest.o
configure:4780: $? = 0
configure:4802: arm-marvell-linux-gnueabi-gcc -c -g -O2 -I/home/andrewtsai/test_Grive/unic/module/include conftest.c >&5
conftest.c: In function 'main':
conftest.c:78:12: error: size of array 'test_array' is negative
configure:4808: $? = 1
configure: failed program was:
| /* confdefs.h.  */
| 
| #define PACKAGE_NAME ""
| #define PACKAGE_TARNAME ""
| #define PACKAGE_VERSION ""
| #define PACKAGE_STRING ""
| #define PACKAGE_BUGREPORT ""
| #define _FILE_OFFSET_BITS 64
| #define HAVE_SYS_FILE_H 1
| #define HAVE_SYS_PARAM_H 1
| #define HAVE_LIMITS_H 1
| #define HAVE_STDLIB_H 1
| #define HAVE_MALLOC_H 1
| #define HAVE_STRING_H 1
| #define HAVE_UNISTD_H 1
| #define HAVE_STRINGS_H 1
| #define HAVE_SYS_TIME_H 1
| #define HAVE_TIME_H 1
| #define HAVE_SYS_RESOURCE_H 1
| #define HAVE_SYS_STAT_H 1
| #define HAVE_SYS_MMAN_H 1
| #define HAVE_FCNTL_H 1
| #define HAVE_ALLOCA_H 1
| #define HAVE_SYS_SYSINFO_H 1
| #define HAVE_SYS_SYSCTL_H 1
| #define HAVE_STDINT_H 1
| #define HAVE_STDIO_EXT_H 1
| #define HAVE_SYS_WAIT_H 1
| #define TIME_WITH_SYS_TIME 1
| #define STDC_HEADERS 1
| #define HAVE_SYS_TYPES_H 1
| #define HAVE_SYS_STAT_H 1
| #define HAVE_STDLIB_H 1
| #define HAVE_STRING_H 1
| #define HAVE_MEMORY_H 1
| #define HAVE_STRINGS_H 1
| #define HAVE_INTTYPES_H 1
| #define HAVE_STDINT_H 1
| #define HAVE_UNISTD_H 1
| /* end confdefs.h.  */
| #include <stdio.h>
| #if HAVE_SYS_TYPES_H
| # include <sys/types.h>
| #endif
| #if HAVE_SYS_STAT_H
| # include <sys/stat.h>
| #endif
| #if STDC_HEADERS
| # include <stdlib.h>
| # include <stddef.h>
| #else
| # if HAVE_STDLIB_H
| #  include <stdlib.h>
| # endif
| #endif
| #if HAVE_STRING_H
| # if !STDC_HEADERS && HAVE_MEMORY_H
| #  include <memory.h>
| # endif
| # include <string.h>
| #endif
| #if HAVE_STRINGS_H
| # include <strings.h>
| #endif
| #if HAVE_INTTYPES_H
| # include <inttypes.h>
| #else
| # if HAVE_STDINT_H
| #  include <stdint.h>
| # endif
| #endif
| #if HAVE_UNISTD_H
| # include <unistd.h>
| #endif
| int
| main ()
| {
| static int test_array [1 - 2 * !(((long) (sizeof (int))) <= 0)];
| test_array [0] = 0
| 
|   ;
|   return 0;
| }
configure:4802: arm-marvell-linux-gnueabi-gcc -c -g -O2 -I/home/andrewtsai/test_Grive/unic/module/include conftest.c >&5
conftest.c: In function 'main':
conftest.c:78:12: error: size of array 'test_array' is negative
configure:4808: $? = 1
configure: failed program was:
| /* confdefs.h.  */
| 
| #define PACKAGE_NAME ""
| #define PACKAGE_TARNAME ""
| #define PACKAGE_VERSION ""
| #define PACKAGE_STRING ""
| #define PACKAGE_BUGREPORT ""
| #define _FILE_OFFSET_BITS 64
| #define HAVE_SYS_FILE_H 1
| #define HAVE_SYS_PARAM_H 1
| #define HAVE_LIMITS_H 1
| #define HAVE_STDLIB_H 1
| #define HAVE_MALLOC_H 1
| #define HAVE_STRING_H 1
| #define HAVE_UNISTD_H 1
| #define HAVE_STRINGS_H 1
| #define HAVE_SYS_TIME_H 1
| #define HAVE_TIME_H 1
| #define HAVE_SYS_RESOURCE_H 1
| #define HAVE_SYS_STAT_H 1
| #define HAVE_SYS_MMAN_H 1
| #define HAVE_FCNTL_H 1
| #define HAVE_ALLOCA_H 1
| #define HAVE_SYS_SYSINFO_H 1
| #define HAVE_SYS_SYSCTL_H 1
| #define HAVE_STDINT_H 1
| #define HAVE_STDIO_EXT_H 1
| #define HAVE_SYS_WAIT_H 1
| #define TIME_WITH_SYS_TIME 1
| #define STDC_HEADERS 1
| #define HAVE_SYS_TYPES_H 1
| #define HAVE_SYS_STAT_H 1
| #define HAVE_STDLIB_H 1
| #define HAVE_STRING_H 1
| #define HAVE_MEMORY_H 1
| #define HAVE_STRINGS_H 1
| #define HAVE_INTTYPES_H 1
| #define HAVE_STDINT_H 1
| #define HAVE_UNISTD_H 1
| /* end confdefs.h.  */
| #include <stdio.h>
| #if HAVE_SYS_TYPES_H
| # include <sys/types.h>
| #endif
| #if HAVE_SYS_STAT_H
| # include <sys/stat.h>
| #endif
| #if STDC_HEADERS
| # include <stdlib.h>
| # include <stddef.h>
| #else
| # if HAVE_STDLIB_H
| #  include <stdlib.h>
| # endif
| #endif
| #if HAVE_STRING_H
| # if !STDC_HEADERS && HAVE_MEMORY_H
| #  include <memory.h>
| # endif
| # include <string.h>
| #endif
| #if HAVE_STRINGS_H
| # include <strings.h>
| #endif
| #if HAVE_INTTYPES_H
| # include <inttypes.h>
| #else
| # if HAVE_STDINT_H
| #  include <stdint.h>
| # endif
| #endif
| #if HAVE_UNISTD_H
| # include <unistd.h>
| #endif
| int
| main ()
| {
| static int test_array [1 - 2 * !(((long) (sizeof (int))) <= 1)];
| test_array [0] = 0
| 
|   ;
|   return 0;
| }
configure:4802: arm-marvell-linux-gnueabi-gcc -c -g -O2 -I/home/andrewtsai/test_Grive/unic/module/include conftest.c >&5
conftest.c: In function 'main':
conftest.c:78:12: error: size of array 'test_array' is negative
configure:4808: $? = 1
configure: failed program was:
| /* confdefs.h.  */
| 
| #define PACKAGE_NAME ""
| #define PACKAGE_TARNAME ""
| #define PACKAGE_VERSION ""
| #define PACKAGE_STRING ""
| #define PACKAGE_BUGREPORT ""
| #define _FILE_OFFSET_BITS 64
| #define HAVE_SYS_FILE_H 1
| #define HAVE_SYS_PARAM_H 1
| #define HAVE_LIMITS_H 1
| #define HAVE_STDLIB_H 1
| #define HAVE_MALLOC_H 1
| #define HAVE_STRING_H 1
| #define HAVE_UNISTD_H 1
| #define HAVE_STRINGS_H 1
| #define HAVE_SYS_TIME_H 1
| #define HAVE_TIME_H 1
| #define HAVE_SYS_RESOURCE_H 1
| #define HAVE_SYS_STAT_H 1
| #define HAVE_SYS_MMAN_H 1
| #define HAVE_FCNTL_H 1
| #define HAVE_ALLOCA_H 1
| #define HAVE_SYS_SYSINFO_H 1
| #define HAVE_SYS_SYSCTL_H 1
| #define HAVE_STDINT_H 1
| #define HAVE_STDIO_EXT_H 1
| #define HAVE_SYS_WAIT_H 1
| #define TIME_WITH_SYS_TIME 1
| #define STDC_HEADERS 1
| #define HAVE_SYS_TYPES_H 1
| #define HAVE_SYS_STAT_H 1
| #define HAVE_STDLIB_H 1
| #define HAVE_STRING_H 1
| #define HAVE_MEMORY_H 1
| #define HAVE_STRINGS_H 1
| #define HAVE_INTTYPES_H 1
| #define HAVE_STDINT_H 1
| #define HAVE_UNISTD_H 1
| /* end confdefs.h.  */
| #include <stdio.h>
| #if HAVE_SYS_TYPES_H
| # include <sys/types.h>
| #endif
| #if HAVE_SYS_STAT_H
| # include <sys/stat.h>
| #endif
| #if STDC_HEADERS
| # include <stdlib.h>
| # include <stddef.h>
| #else
| # if HAVE_STDLIB_H
| #  include <stdlib.h>
| # endif
| #endif
| #if HAVE_STRING_H
| # if !STDC_HEADERS && HAVE_MEMORY_H
| #  include <memory.h>
| # endif
| # include <string.h>
| #endif
| #if HAVE_STRINGS_H
| # include <strings.h>
| #endif
| #if HAVE_INTTYPES_H
| # include <inttypes.h>
| #else
| # if HAVE_STDINT_H
| #  include <stdint.h>
| # endif
| #endif
| #if HAVE_UNISTD_H
| # include <unistd.h>
| #endif
| int
| main ()
| {
| static int test_array [1 - 2 * !(((long) (sizeof (int))) <= 3)];
| test_array [0] = 0
| 
|   ;
|   return 0;
| }
configure:4802: arm-marvell-linux-gnueabi-gcc -c -g -O2 -I/home/andrewtsai/test_Grive/unic/module/include conftest.c >&5
configure:4808: $? = 0
configure:4812: test -z 
			 || test ! -s conftest.err
configure:4815: $? = 0
configure:4818: test -s conftest.o
configure:4821: $? = 0
configure:4965: arm-marvell-linux-gnueabi-gcc -c -g -O2 -I/home/andrewtsai/test_Grive/unic/module/include conftest.c >&5
configure:4971: $? = 0
configure:4975: test -z 
			 || test ! -s conftest.err
configure:4978: $? = 0
configure:4981: test -s conftest.o
configure:4984: $? = 0
configure:4965: arm-marvell-linux-gnueabi-gcc -c -g -O2 -I/home/andrewtsai/test_Grive/unic/module/include conftest.c >&5
configure:4971: $? = 0
configure:4975: test -z 
			 || test ! -s conftest.err
configure:4978: $? = 0
configure:4981: test -s conftest.o
configure:4984: $? = 0
configure:5087: result: 4
configure:5095: checking for uintptr_t
configure:5119: arm-marvell-linux-gnueabi-gcc -c -g -O2 -I/home/andrewtsai/test_Grive/unic/module/include conftest.c >&5
configure:5125: $? = 0
configure:5129: test -z 
			 || test ! -s conftest.err
configure:5132: $? = 0
configure:5135: test -s conftest.o
configure:5138: $? = 0
configure:5149: result: yes
configure:5163: checking for a 64-bit type
configure:5186: arm-marvell-linux-gnueabi-gcc -c -g -O2 -I/home/andrewtsai/test_Grive/unic/module/include conftest.c >&5
configure:5192: $? = 0
configure:5196: test -z 
			 || test ! -s conftest.err
configure:5199: $? = 0
configure:5202: test -s conftest.o
configure:5205: $? = 0
configure:5315: result: uint64_t
configure:5334: checking for pid_t
configure:5358: arm-marvell-linux-gnueabi-gcc -c -g -O2 -I/home/andrewtsai/test_Grive/unic/module/include conftest.c >&5
configure:5364: $? = 0
configure:5368: test -z 
			 || test ! -s conftest.err
configure:5371: $? = 0
configure:5374: test -s conftest.o
configure:5377: $? = 0
configure:5388: result: yes
configure:6601: checking for library containing strerror
configure:6636: arm-marvell-linux-gnueabi-gcc -o conftest -g -O2 -I/home/andrewtsai/test_Grive/unic/module/include -L/home/andrewtsai/test_Grive/unic/module/lib/DNS-327L conftest.c  >&5
configure:6642: $? = 0
configure:6646: test -z 
			 || test ! -s conftest.err
configure:6649: $? = 0
configure:6652: test -s conftest
configure:6655: $? = 0
configure:6730: result: none required
configure:6741: checking for asprintf
configure:6797: arm-marvell-linux-gnueabi-gcc -o conftest -g -O2 -I/home/andrewtsai/test_Grive/unic/module/include -L/home/andrewtsai/test_Grive/unic/module/lib/DNS-327L conftest.c  >&5
configure:6803: $? = 0
configure:6807: test -z 
			 || test ! -s conftest.err
configure:6810: $? = 0
configure:6813: test -s conftest
configure:6816: $? = 0
configure:6828: result: yes
configure:6741: checking for atexit
configure:6797: arm-marvell-linux-gnueabi-gcc -o conftest -g -O2 -I/home/andrewtsai/test_Grive/unic/module/include -L/home/andrewtsai/test_Grive/unic/module/lib/DNS-327L conftest.c  >&5
configure:6803: $? = 0
configure:6807: test -z 
			 || test ! -s conftest.err
configure:6810: $? = 0
configure:6813: test -s conftest
configure:6816: $? = 0
configure:6828: result: yes
configure:6741: checking for basename
configure:6797: arm-marvell-linux-gnueabi-gcc -o conftest -g -O2 -I/home/andrewtsai/test_Grive/unic/module/include -L/home/andrewtsai/test_Grive/unic/module/lib/DNS-327L conftest.c  >&5
configure:6803: $? = 0
configure:6807: test -z 
			 || test ! -s conftest.err
configure:6810: $? = 0
configure:6813: test -s conftest
configure:6816: $? = 0
configure:6828: result: yes
configure:6741: checking for bcmp
configure:6797: arm-marvell-linux-gnueabi-gcc -o conftest -g -O2 -I/home/andrewtsai/test_Grive/unic/module/include -L/home/andrewtsai/test_Grive/unic/module/lib/DNS-327L conftest.c  >&5
conftest.c:65:6: warning: conflicting types for built-in function 'bcmp' [enabled by default]
configure:6803: $? = 0
configure:6807: test -z 
			 || test ! -s conftest.err
configure:6810: $? = 0
configure:6813: test -s conftest
configure:6816: $? = 0
configure:6828: result: yes
configure:6741: checking for bcopy
configure:6797: arm-marvell-linux-gnueabi-gcc -o conftest -g -O2 -I/home/andrewtsai/test_Grive/unic/module/include -L/home/andrewtsai/test_Grive/unic/module/lib/DNS-327L conftest.c  >&5
conftest.c:66:6: warning: conflicting types for built-in function 'bcopy' [enabled by default]
configure:6803: $? = 0
configure:6807: test -z 
			 || test ! -s conftest.err
configure:6810: $? = 0
configure:6813: test -s conftest
configure:6816: $? = 0
configure:6828: result: yes
configure:6741: checking for bsearch
configure:6797: arm-marvell-linux-gnueabi-gcc -o conftest -g -O2 -I/home/andrewtsai/test_Grive/unic/module/include -L/home/andrewtsai/test_Grive/unic/module/lib/DNS-327L conftest.c  >&5
configure:6803: $? = 0
configure:6807: test -z 
			 || test ! -s conftest.err
configure:6810: $? = 0
configure:6813: test -s conftest
configure:6816: $? = 0
configure:6828: result: yes
configure:6741: checking for bzero
configure:6797: arm-marvell-linux-gnueabi-gcc -o conftest -g -O2 -I/home/andrewtsai/test_Grive/unic/module/include -L/home/andrewtsai/test_Grive/unic/module/lib/DNS-327L conftest.c  >&5
conftest.c:68:6: warning: conflicting types for built-in function 'bzero' [enabled by default]
configure:6803: $? = 0
configure:6807: test -z 
			 || test ! -s conftest.err
configure:6810: $? = 0
configure:6813: test -s conftest
configure:6816: $? = 0
configure:6828: result: yes
configure:6741: checking for calloc
configure:6797: arm-marvell-linux-gnueabi-gcc -o conftest -g -O2 -I/home/andrewtsai/test_Grive/unic/module/include -L/home/andrewtsai/test_Grive/unic/module/lib/DNS-327L conftest.c  >&5
conftest.c:69:6: warning: conflicting types for built-in function 'calloc' [enabled by default]
configure:6803: $? = 0
configure:6807: test -z 
			 || test ! -s conftest.err
configure:6810: $? = 0
configure:6813: test -s conftest
configure:6816: $? = 0
configure:6828: result: yes
configure:6741: checking for clock
configure:6797: arm-marvell-linux-gnueabi-gcc -o conftest -g -O2 -I/home/andrewtsai/test_Grive/unic/module/include -L/home/andrewtsai/test_Grive/unic/module/lib/DNS-327L conftest.c  >&5
configure:6803: $? = 0
configure:6807: test -z 
			 || test ! -s conftest.err
configure:6810: $? = 0
configure:6813: test -s conftest
configure:6816: $? = 0
configure:6828: result: yes
configure:6741: checking for ffs
configure:6797: arm-marvell-linux-gnueabi-gcc -o conftest -g -O2 -I/home/andrewtsai/test_Grive/unic/module/include -L/home/andrewtsai/test_Grive/unic/module/lib/DNS-327L conftest.c  >&5
conftest.c:71:6: warning: conflicting types for built-in function 'ffs' [enabled by default]
configure:6803: $? = 0
configure:6807: test -z 
			 || test ! -s conftest.err
configure:6810: $? = 0
configure:6813: test -s conftest
configure:6816: $? = 0
configure:6828: result: yes
configure:6741: checking for getcwd
configure:6797: arm-marvell-linux-gnueabi-gcc -o conftest -g -O2 -I/home/andrewtsai/test_Grive/unic/module/include -L/home/andrewtsai/test_Grive/unic/module/lib/DNS-327L conftest.c  >&5
configure:6803: $? = 0
configure:6807: test -z 
			 || test ! -s conftest.err
configure:6810: $? = 0
configure:6813: test -s conftest
configure:6816: $? = 0
configure:6828: result: yes
configure:6741: checking for getpagesize
configure:6797: arm-marvell-linux-gnueabi-gcc -o conftest -g -O2 -I/home/andrewtsai/test_Grive/unic/module/include -L/home/andrewtsai/test_Grive/unic/module/lib/DNS-327L conftest.c  >&5
configure:6803: $? = 0
configure:6807: test -z 
			 || test ! -s conftest.err
configure:6810: $? = 0
configure:6813: test -s conftest
configure:6816: $? = 0
configure:6828: result: yes
configure:6741: checking for gettimeofday
configure:6797: arm-marvell-linux-gnueabi-gcc -o conftest -g -O2 -I/home/andrewtsai/test_Grive/unic/module/include -L/home/andrewtsai/test_Grive/unic/module/lib/DNS-327L conftest.c  >&5
configure:6803: $? = 0
configure:6807: test -z 
			 || test ! -s conftest.err
configure:6810: $? = 0
configure:6813: test -s conftest
configure:6816: $? = 0
configure:6828: result: yes
configure:6741: checking for index
configure:6797: arm-marvell-linux-gnueabi-gcc -o conftest -g -O2 -I/home/andrewtsai/test_Grive/unic/module/include -L/home/andrewtsai/test_Grive/unic/module/lib/DNS-327L conftest.c  >&5
conftest.c:75:6: warning: conflicting types for built-in function 'index' [enabled by default]
configure:6803: $? = 0
configure:6807: test -z 
			 || test ! -s conftest.err
configure:6810: $? = 0
configure:6813: test -s conftest
configure:6816: $? = 0
configure:6828: result: yes
configure:6741: checking for insque
configure:6797: arm-marvell-linux-gnueabi-gcc -o conftest -g -O2 -I/home/andrewtsai/test_Grive/unic/module/include -L/home/andrewtsai/test_Grive/unic/module/lib/DNS-327L conftest.c  >&5
configure:6803: $? = 0
configure:6807: test -z 
			 || test ! -s conftest.err
configure:6810: $? = 0
configure:6813: test -s conftest
configure:6816: $? = 0
configure:6828: result: yes
configure:6741: checking for memchr
configure:6797: arm-marvell-linux-gnueabi-gcc -o conftest -g -O2 -I/home/andrewtsai/test_Grive/unic/module/include -L/home/andrewtsai/test_Grive/unic/module/lib/DNS-327L conftest.c  >&5
conftest.c:77:6: warning: conflicting types for built-in function 'memchr' [enabled by default]
configure:6803: $? = 0
configure:6807: test -z 
			 || test ! -s conftest.err
configure:6810: $? = 0
configure:6813: test -s conftest
configure:6816: $? = 0
configure:6828: result: yes
configure:6741: checking for memcmp
configure:6797: arm-marvell-linux-gnueabi-gcc -o conftest -g -O2 -I/home/andrewtsai/test_Grive/unic/module/include -L/home/andrewtsai/test_Grive/unic/module/lib/DNS-327L conftest.c  >&5
conftest.c:78:6: warning: conflicting types for built-in function 'memcmp' [enabled by default]
configure:6803: $? = 0
configure:6807: test -z 
			 || test ! -s conftest.err
configure:6810: $? = 0
configure:6813: test -s conftest
configure:6816: $? = 0
configure:6828: result: yes
configure:6741: checking for memcpy
configure:6797: arm-marvell-linux-gnueabi-gcc -o conftest -g -O2 -I/home/andrewtsai/test_Grive/unic/module/include -L/home/andrewtsai/test_Grive/unic/module/lib/DNS-327L conftest.c  >&5
conftest.c:79:6: warning: conflicting types for built-in function 'memcpy' [enabled by default]
configure:6803: $? = 0
configure:6807: test -z 
			 || test ! -s conftest.err
configure:6810: $? = 0
configure:6813: test -s conftest
configure:6816: $? = 0
configure:6828: result: yes
configure:6741: checking for memmove
configure:6797: arm-marvell-linux-gnueabi-gcc -o conftest -g -O2 -I/home/andrewtsai/test_Grive/unic/module/include -L/home/andrewtsai/test_Grive/unic/module/lib/DNS-327L conftest.c  >&5
conftest.c:80:6: warning: conflicting types for built-in function 'memmove' [enabled by default]
configure:6803: $? = 0
configure:6807: test -z 
			 || test ! -s conftest.err
configure:6810: $? = 0
configure:6813: test -s conftest
configure:6816: $? = 0
configure:6828: result: yes
configure:6741: checking for mempcpy
configure:6797: arm-marvell-linux-gnueabi-gcc -o conftest -g -O2 -I/home/andrewtsai/test_Grive/unic/module/include -L/home/andrewtsai/test_Grive/unic/module/lib/DNS-327L conftest.c  >&5
conftest.c:81:6: warning: conflicting types for built-in function 'mempcpy' [enabled by default]
configure:6803: $? = 0
configure:6807: test -z 
			 || test ! -s conftest.err
configure:6810: $? = 0
configure:6813: test -s conftest
configure:6816: $? = 0
configure:6828: result: yes
configure:6741: checking for memset
configure:6797: arm-marvell-linux-gnueabi-gcc -o conftest -g -O2 -I/home/andrewtsai/test_Grive/unic/module/include -L/home/andrewtsai/test_Grive/unic/module/lib/DNS-327L conftest.c  >&5
conftest.c:82:6: warning: conflicting types for built-in function 'memset' [enabled by default]
configure:6803: $? = 0
configure:6807: test -z 
			 || test ! -s conftest.err
configure:6810: $? = 0
configure:6813: test -s conftest
configure:6816: $? = 0
configure:6828: result: yes
configure:6741: checking for mkstemps
configure:6797: arm-marvell-linux-gnueabi-gcc -o conftest -g -O2 -I/home/andrewtsai/test_Grive/unic/module/include -L/home/andrewtsai/test_Grive/unic/module/lib/DNS-327L conftest.c  >&5
configure:6803: $? = 0
configure:6807: test -z 
			 || test ! -s conftest.err
configure:6810: $? = 0
configure:6813: test -s conftest
configure:6816: $? = 0
configure:6828: result: yes
configure:6741: checking for putenv
configure:6797: arm-marvell-linux-gnueabi-gcc -o conftest -g -O2 -I/home/andrewtsai/test_Grive/unic/module/include -L/home/andrewtsai/test_Grive/unic/module/lib/DNS-327L conftest.c  >&5
configure:6803: $? = 0
configure:6807: test -z 
			 || test ! -s conftest.err
configure:6810: $? = 0
configure:6813: test -s conftest
configure:6816: $? = 0
configure:6828: result: yes
configure:6741: checking for random
configure:6797: arm-marvell-linux-gnueabi-gcc -o conftest -g -O2 -I/home/andrewtsai/test_Grive/unic/module/include -L/home/andrewtsai/test_Grive/unic/module/lib/DNS-327L conftest.c  >&5
configure:6803: $? = 0
configure:6807: test -z 
			 || test ! -s conftest.err
configure:6810: $? = 0
configure:6813: test -s conftest
configure:6816: $? = 0
configure:6828: result: yes
configure:6741: checking for rename
configure:6797: arm-marvell-linux-gnueabi-gcc -o conftest -g -O2 -I/home/andrewtsai/test_Grive/unic/module/include -L/home/andrewtsai/test_Grive/unic/module/lib/DNS-327L conftest.c  >&5
configure:6803: $? = 0
configure:6807: test -z 
			 || test ! -s conftest.err
configure:6810: $? = 0
configure:6813: test -s conftest
configure:6816: $? = 0
configure:6828: result: yes
configure:6741: checking for rindex
configure:6797: arm-marvell-linux-gnueabi-gcc -o conftest -g -O2 -I/home/andrewtsai/test_Grive/unic/module/include -L/home/andrewtsai/test_Grive/unic/module/lib/DNS-327L conftest.c  >&5
conftest.c:87:6: warning: conflicting types for built-in function 'rindex' [enabled by default]
configure:6803: $? = 0
configure:6807: test -z 
			 || test ! -s conftest.err
configure:6810: $? = 0
configure:6813: test -s conftest
configure:6816: $? = 0
configure:6828: result: yes
configure:6741: checking for setenv
configure:6797: arm-marvell-linux-gnueabi-gcc -o conftest -g -O2 -I/home/andrewtsai/test_Grive/unic/module/include -L/home/andrewtsai/test_Grive/unic/module/lib/DNS-327L conftest.c  >&5
configure:6803: $? = 0
configure:6807: test -z 
			 || test ! -s conftest.err
configure:6810: $? = 0
configure:6813: test -s conftest
configure:6816: $? = 0
configure:6828: result: yes
configure:6741: checking for snprintf
configure:6797: arm-marvell-linux-gnueabi-gcc -o conftest -g -O2 -I/home/andrewtsai/test_Grive/unic/module/include -L/home/andrewtsai/test_Grive/unic/module/lib/DNS-327L conftest.c  >&5
conftest.c:89:6: warning: conflicting types for built-in function 'snprintf' [enabled by default]
configure:6803: $? = 0
configure:6807: test -z 
			 || test ! -s conftest.err
configure:6810: $? = 0
configure:6813: test -s conftest
configure:6816: $? = 0
configure:6828: result: yes
configure:6741: checking for sigsetmask
configure:6797: arm-marvell-linux-gnueabi-gcc -o conftest -g -O2 -I/home/andrewtsai/test_Grive/unic/module/include -L/home/andrewtsai/test_Grive/unic/module/lib/DNS-327L conftest.c  >&5
configure:6803: $? = 0
configure:6807: test -z 
			 || test ! -s conftest.err
configure:6810: $? = 0
configure:6813: test -s conftest
configure:6816: $? = 0
configure:6828: result: yes
configure:6741: checking for stpcpy
configure:6797: arm-marvell-linux-gnueabi-gcc -o conftest -g -O2 -I/home/andrewtsai/test_Grive/unic/module/include -L/home/andrewtsai/test_Grive/unic/module/lib/DNS-327L conftest.c  >&5
conftest.c:91:6: warning: conflicting types for built-in function 'stpcpy' [enabled by default]
configure:6803: $? = 0
configure:6807: test -z 
			 || test ! -s conftest.err
configure:6810: $? = 0
configure:6813: test -s conftest
configure:6816: $? = 0
configure:6828: result: yes
configure:6741: checking for stpncpy
configure:6797: arm-marvell-linux-gnueabi-gcc -o conftest -g -O2 -I/home/andrewtsai/test_Grive/unic/module/include -L/home/andrewtsai/test_Grive/unic/module/lib/DNS-327L conftest.c  >&5
conftest.c:92:6: warning: conflicting types for built-in function 'stpncpy' [enabled by default]
configure:6803: $? = 0
configure:6807: test -z 
			 || test ! -s conftest.err
configure:6810: $? = 0
configure:6813: test -s conftest
configure:6816: $? = 0
configure:6828: result: yes
configure:6741: checking for strcasecmp
configure:6797: arm-marvell-linux-gnueabi-gcc -o conftest -g -O2 -I/home/andrewtsai/test_Grive/unic/module/include -L/home/andrewtsai/test_Grive/unic/module/lib/DNS-327L conftest.c  >&5
conftest.c:93:6: warning: conflicting types for built-in function 'strcasecmp' [enabled by default]
configure:6803: $? = 0
configure:6807: test -z 
			 || test ! -s conftest.err
configure:6810: $? = 0
configure:6813: test -s conftest
configure:6816: $? = 0
configure:6828: result: yes
configure:6741: checking for strchr
configure:6797: arm-marvell-linux-gnueabi-gcc -o conftest -g -O2 -I/home/andrewtsai/test_Grive/unic/module/include -L/home/andrewtsai/test_Grive/unic/module/lib/DNS-327L conftest.c  >&5
conftest.c:94:6: warning: conflicting types for built-in function 'strchr' [enabled by default]
configure:6803: $? = 0
configure:6807: test -z 
			 || test ! -s conftest.err
configure:6810: $? = 0
configure:6813: test -s conftest
configure:6816: $? = 0
configure:6828: result: yes
configure:6741: checking for strdup
configure:6797: arm-marvell-linux-gnueabi-gcc -o conftest -g -O2 -I/home/andrewtsai/test_Grive/unic/module/include -L/home/andrewtsai/test_Grive/unic/module/lib/DNS-327L conftest.c  >&5
conftest.c:95:6: warning: conflicting types for built-in function 'strdup' [enabled by default]
configure:6803: $? = 0
configure:6807: test -z 
			 || test ! -s conftest.err
configure:6810: $? = 0
configure:6813: test -s conftest
configure:6816: $? = 0
configure:6828: result: yes
configure:6741: checking for strncasecmp
configure:6797: arm-marvell-linux-gnueabi-gcc -o conftest -g -O2 -I/home/andrewtsai/test_Grive/unic/module/include -L/home/andrewtsai/test_Grive/unic/module/lib/DNS-327L conftest.c  >&5
conftest.c:96:6: warning: conflicting types for built-in function 'strncasecmp' [enabled by default]
configure:6803: $? = 0
configure:6807: test -z 
			 || test ! -s conftest.err
configure:6810: $? = 0
configure:6813: test -s conftest
configure:6816: $? = 0
configure:6828: result: yes
configure:6741: checking for strndup
configure:6797: arm-marvell-linux-gnueabi-gcc -o conftest -g -O2 -I/home/andrewtsai/test_Grive/unic/module/include -L/home/andrewtsai/test_Grive/unic/module/lib/DNS-327L conftest.c  >&5
conftest.c:97:6: warning: conflicting types for built-in function 'strndup' [enabled by default]
configure:6803: $? = 0
configure:6807: test -z 
			 || test ! -s conftest.err
configure:6810: $? = 0
configure:6813: test -s conftest
configure:6816: $? = 0
configure:6828: result: yes
configure:6741: checking for strrchr
configure:6797: arm-marvell-linux-gnueabi-gcc -o conftest -g -O2 -I/home/andrewtsai/test_Grive/unic/module/include -L/home/andrewtsai/test_Grive/unic/module/lib/DNS-327L conftest.c  >&5
conftest.c:98:6: warning: conflicting types for built-in function 'strrchr' [enabled by default]
configure:6803: $? = 0
configure:6807: test -z 
			 || test ! -s conftest.err
configure:6810: $? = 0
configure:6813: test -s conftest
configure:6816: $? = 0
configure:6828: result: yes
configure:6741: checking for strstr
configure:6797: arm-marvell-linux-gnueabi-gcc -o conftest -g -O2 -I/home/andrewtsai/test_Grive/unic/module/include -L/home/andrewtsai/test_Grive/unic/module/lib/DNS-327L conftest.c  >&5
conftest.c:99:6: warning: conflicting types for built-in function 'strstr' [enabled by default]
configure:6803: $? = 0
configure:6807: test -z 
			 || test ! -s conftest.err
configure:6810: $? = 0
configure:6813: test -s conftest
configure:6816: $? = 0
configure:6828: result: yes
configure:6741: checking for strtod
configure:6797: arm-marvell-linux-gnueabi-gcc -o conftest -g -O2 -I/home/andrewtsai/test_Grive/unic/module/include -L/home/andrewtsai/test_Grive/unic/module/lib/DNS-327L conftest.c  >&5
configure:6803: $? = 0
configure:6807: test -z 
			 || test ! -s conftest.err
configure:6810: $? = 0
configure:6813: test -s conftest
configure:6816: $? = 0
configure:6828: result: yes
configure:6741: checking for strtol
configure:6797: arm-marvell-linux-gnueabi-gcc -o conftest -g -O2 -I/home/andrewtsai/test_Grive/unic/module/include -L/home/andrewtsai/test_Grive/unic/module/lib/DNS-327L conftest.c  >&5
configure:6803: $? = 0
configure:6807: test -z 
			 || test ! -s conftest.err
configure:6810: $? = 0
configure:6813: test -s conftest
configure:6816: $? = 0
configure:6828: result: yes
configure:6741: checking for strtoul
configure:6797: arm-marvell-linux-gnueabi-gcc -o conftest -g -O2 -I/home/andrewtsai/test_Grive/unic/module/include -L/home/andrewtsai/test_Grive/unic/module/lib/DNS-327L conftest.c  >&5
configure:6803: $? = 0
configure:6807: test -z 
			 || test ! -s conftest.err
configure:6810: $? = 0
configure:6813: test -s conftest
configure:6816: $? = 0
configure:6828: result: yes
configure:6741: checking for strverscmp
configure:6797: arm-marvell-linux-gnueabi-gcc -o conftest -g -O2 -I/home/andrewtsai/test_Grive/unic/module/include -L/home/andrewtsai/test_Grive/unic/module/lib/DNS-327L conftest.c  >&5
configure:6803: $? = 0
configure:6807: test -z 
			 || test ! -s conftest.err
configure:6810: $? = 0
configure:6813: test -s conftest
configure:6816: $? = 0
configure:6828: result: yes
configure:6741: checking for tmpnam
configure:6797: arm-marvell-linux-gnueabi-gcc -o conftest -g -O2 -I/home/andrewtsai/test_Grive/unic/module/include -L/home/andrewtsai/test_Grive/unic/module/lib/DNS-327L conftest.c  >&5
configure:6803: $? = 0
configure:6807: test -z 
			 || test ! -s conftest.err
configure:6810: $? = 0
configure:6813: test -s conftest
configure:6816: $? = 0
configure:6828: result: yes
configure:6741: checking for vasprintf
configure:6797: arm-marvell-linux-gnueabi-gcc -o conftest -g -O2 -I/home/andrewtsai/test_Grive/unic/module/include -L/home/andrewtsai/test_Grive/unic/module/lib/DNS-327L conftest.c  >&5
configure:6803: $? = 0
configure:6807: test -z 
			 || test ! -s conftest.err
configure:6810: $? = 0
configure:6813: test -s conftest
configure:6816: $? = 0
configure:6828: result: yes
configure:6741: checking for vfprintf
configure:6797: arm-marvell-linux-gnueabi-gcc -o conftest -g -O2 -I/home/andrewtsai/test_Grive/unic/module/include -L/home/andrewtsai/test_Grive/unic/module/lib/DNS-327L conftest.c  >&5
conftest.c:106:6: warning: conflicting types for built-in function 'vfprintf' [enabled by default]
configure:6803: $? = 0
configure:6807: test -z 
			 || test ! -s conftest.err
configure:6810: $? = 0
configure:6813: test -s conftest
configure:6816: $? = 0
configure:6828: result: yes
configure:6741: checking for vprintf
configure:6797: arm-marvell-linux-gnueabi-gcc -o conftest -g -O2 -I/home/andrewtsai/test_Grive/unic/module/include -L/home/andrewtsai/test_Grive/unic/module/lib/DNS-327L conftest.c  >&5
conftest.c:107:6: warning: conflicting types for built-in function 'vprintf' [enabled by default]
configure:6803: $? = 0
configure:6807: test -z 
			 || test ! -s conftest.err
configure:6810: $? = 0
configure:6813: test -s conftest
configure:6816: $? = 0
configure:6828: result: yes
configure:6741: checking for vsnprintf
configure:6797: arm-marvell-linux-gnueabi-gcc -o conftest -g -O2 -I/home/andrewtsai/test_Grive/unic/module/include -L/home/andrewtsai/test_Grive/unic/module/lib/DNS-327L conftest.c  >&5
conftest.c:108:6: warning: conflicting types for built-in function 'vsnprintf' [enabled by default]
configure:6803: $? = 0
configure:6807: test -z 
			 || test ! -s conftest.err
configure:6810: $? = 0
configure:6813: test -s conftest
configure:6816: $? = 0
configure:6828: result: yes
configure:6741: checking for vsprintf
configure:6797: arm-marvell-linux-gnueabi-gcc -o conftest -g -O2 -I/home/andrewtsai/test_Grive/unic/module/include -L/home/andrewtsai/test_Grive/unic/module/lib/DNS-327L conftest.c  >&5
conftest.c:109:6: warning: conflicting types for built-in function 'vsprintf' [enabled by default]
configure:6803: $? = 0
configure:6807: test -z 
			 || test ! -s conftest.err
configure:6810: $? = 0
configure:6813: test -s conftest
configure:6816: $? = 0
configure:6828: result: yes
configure:6741: checking for waitpid
configure:6797: arm-marvell-linux-gnueabi-gcc -o conftest -g -O2 -I/home/andrewtsai/test_Grive/unic/module/include -L/home/andrewtsai/test_Grive/unic/module/lib/DNS-327L conftest.c  >&5
configure:6803: $? = 0
configure:6807: test -z 
			 || test ! -s conftest.err
configure:6810: $? = 0
configure:6813: test -s conftest
configure:6816: $? = 0
configure:6828: result: yes
configure:6848: checking whether alloca needs Cray hooks
configure:6875: result: no
configure:6980: checking stack direction for C alloca
configure:7034: result: 0
configure:7047: checking for unistd.h
configure:7087: result: yes
configure:7047: checking for vfork.h
configure:7060: arm-marvell-linux-gnueabi-gcc -E -I/home/andrewtsai/test_Grive/unic/module/include conftest.c
conftest.c:95:19: fatal error: vfork.h: No such file or directory
compilation terminated.
configure:7066: $? = 1
configure: failed program was:
| /* confdefs.h.  */
| 
| #define PACKAGE_NAME ""
| #define PACKAGE_TARNAME ""
| #define PACKAGE_VERSION ""
| #define PACKAGE_STRING ""
| #define PACKAGE_BUGREPORT ""
| #define _FILE_OFFSET_BITS 64
| #define HAVE_SYS_FILE_H 1
| #define HAVE_SYS_PARAM_H 1
| #define HAVE_LIMITS_H 1
| #define HAVE_STDLIB_H 1
| #define HAVE_MALLOC_H 1
| #define HAVE_STRING_H 1
| #define HAVE_UNISTD_H 1
| #define HAVE_STRINGS_H 1
| #define HAVE_SYS_TIME_H 1
| #define HAVE_TIME_H 1
| #define HAVE_SYS_RESOURCE_H 1
| #define HAVE_SYS_STAT_H 1
| #define HAVE_SYS_MMAN_H 1
| #define HAVE_FCNTL_H 1
| #define HAVE_ALLOCA_H 1
| #define HAVE_SYS_SYSINFO_H 1
| #define HAVE_SYS_SYSCTL_H 1
| #define HAVE_STDINT_H 1
| #define HAVE_STDIO_EXT_H 1
| #define HAVE_SYS_WAIT_H 1
| #define TIME_WITH_SYS_TIME 1
| #define STDC_HEADERS 1
| #define HAVE_SYS_TYPES_H 1
| #define HAVE_SYS_STAT_H 1
| #define HAVE_STDLIB_H 1
| #define HAVE_STRING_H 1
| #define HAVE_MEMORY_H 1
| #define HAVE_STRINGS_H 1
| #define HAVE_INTTYPES_H 1
| #define HAVE_STDINT_H 1
| #define HAVE_UNISTD_H 1
| #define SIZEOF_INT 4
| #define UNSIGNED_64BIT_TYPE uint64_t
| #define HAVE_UINTPTR_T 1
| #define HAVE_ASPRINTF 1
| #define HAVE_ATEXIT 1
| #define HAVE_BASENAME 1
| #define HAVE_BCMP 1
| #define HAVE_BCOPY 1
| #define HAVE_BSEARCH 1
| #define HAVE_BZERO 1
| #define HAVE_CALLOC 1
| #define HAVE_CLOCK 1
| #define HAVE_FFS 1
| #define HAVE_GETCWD 1
| #define HAVE_GETPAGESIZE 1
| #define HAVE_GETTIMEOFDAY 1
| #define HAVE_INDEX 1
| #define HAVE_INSQUE 1
| #define HAVE_MEMCHR 1
| #define HAVE_MEMCMP 1
| #define HAVE_MEMCPY 1
| #define HAVE_MEMMOVE 1
| #define HAVE_MEMPCPY 1
| #define HAVE_MEMSET 1
| #define HAVE_MKSTEMPS 1
| #define HAVE_PUTENV 1
| #define HAVE_RANDOM 1
| #define HAVE_RENAME 1
| #define HAVE_RINDEX 1
| #define HAVE_SETENV 1
| #define HAVE_SNPRINTF 1
| #define HAVE_SIGSETMASK 1
| #define HAVE_STPCPY 1
| #define HAVE_STPNCPY 1
| #define HAVE_STRCASECMP 1
| #define HAVE_STRCHR 1
| #define HAVE_STRDUP 1
| #define HAVE_STRNCASECMP 1
| #define HAVE_STRNDUP 1
| #define HAVE_STRRCHR 1
| #define HAVE_STRSTR 1
| #define HAVE_STRTOD 1
| #define HAVE_STRTOL 1
| #define HAVE_STRTOUL 1
| #define HAVE_STRVERSCMP 1
| #define HAVE_TMPNAM 1
| #define HAVE_VASPRINTF 1
| #define HAVE_VFPRINTF 1
| #define HAVE_VPRINTF 1
| #define HAVE_VSNPRINTF 1
| #define HAVE_VSPRINTF 1
| #define HAVE_WAITPID 1
| #define STACK_DIRECTION 0
| #define HAVE_UNISTD_H 1
| /* end confdefs.h.  */
| #include <vfork.h>
configure:7087: result: no
configure:7102: checking for fork
configure:7158: arm-marvell-linux-gnueabi-gcc -o conftest -g -O2 -I/home/andrewtsai/test_Grive/unic/module/include -L/home/andrewtsai/test_Grive/unic/module/lib/DNS-327L conftest.c  >&5
conftest.c:113:6: warning: conflicting types for built-in function 'fork' [enabled by default]
configure:7164: $? = 0
configure:7168: test -z 
			 || test ! -s conftest.err
configure:7171: $? = 0
configure:7174: test -s conftest
configure:7177: $? = 0
configure:7189: result: yes
configure:7102: checking for vfork
configure:7158: arm-marvell-linux-gnueabi-gcc -o conftest -g -O2 -I/home/andrewtsai/test_Grive/unic/module/include -L/home/andrewtsai/test_Grive/unic/module/lib/DNS-327L conftest.c  >&5
configure:7164: $? = 0
configure:7168: test -z 
			 || test ! -s conftest.err
configure:7171: $? = 0
configure:7174: test -s conftest
configure:7177: $? = 0
configure:7189: result: yes
configure:7200: checking for working fork
configure:7245: result: cross
configure:7261: WARNING: result yes guessed because of cross compilation
configure:7266: checking for working vfork
configure:7399: result: yes
configure:7560: checking for _doprnt
configure:7616: arm-marvell-linux-gnueabi-gcc -o conftest -g -O2 -I/home/andrewtsai/test_Grive/unic/module/include -L/home/andrewtsai/test_Grive/unic/module/lib/DNS-327L conftest.c  >&5
/tmp/ccknQxtM.o:(.data+0x0): undefined reference to `_doprnt'
/tmp/ccknQxtM.o: In function `main':
/home/andrewtsai/test_gpl/unic-gpl/libiberty/libiberty/conftest.c:136: undefined reference to `_doprnt'
collect2: ld returned 1 exit status
configure:7622: $? = 1
configure: failed program was:
| /* confdefs.h.  */
| 
| #define PACKAGE_NAME ""
| #define PACKAGE_TARNAME ""
| #define PACKAGE_VERSION ""
| #define PACKAGE_STRING ""
| #define PACKAGE_BUGREPORT ""
| #define _FILE_OFFSET_BITS 64
| #define HAVE_SYS_FILE_H 1
| #define HAVE_SYS_PARAM_H 1
| #define HAVE_LIMITS_H 1
| #define HAVE_STDLIB_H 1
| #define HAVE_MALLOC_H 1
| #define HAVE_STRING_H 1
| #define HAVE_UNISTD_H 1
| #define HAVE_STRINGS_H 1
| #define HAVE_SYS_TIME_H 1
| #define HAVE_TIME_H 1
| #define HAVE_SYS_RESOURCE_H 1
| #define HAVE_SYS_STAT_H 1
| #define HAVE_SYS_MMAN_H 1
| #define HAVE_FCNTL_H 1
| #define HAVE_ALLOCA_H 1
| #define HAVE_SYS_SYSINFO_H 1
| #define HAVE_SYS_SYSCTL_H 1
| #define HAVE_STDINT_H 1
| #define HAVE_STDIO_EXT_H 1
| #define HAVE_SYS_WAIT_H 1
| #define TIME_WITH_SYS_TIME 1
| #define STDC_HEADERS 1
| #define HAVE_SYS_TYPES_H 1
| #define HAVE_SYS_STAT_H 1
| #define HAVE_STDLIB_H 1
| #define HAVE_STRING_H 1
| #define HAVE_MEMORY_H 1
| #define HAVE_STRINGS_H 1
| #define HAVE_INTTYPES_H 1
| #define HAVE_STDINT_H 1
| #define HAVE_UNISTD_H 1
| #define SIZEOF_INT 4
| #define UNSIGNED_64BIT_TYPE uint64_t
| #define HAVE_UINTPTR_T 1
| #define HAVE_ASPRINTF 1
| #define HAVE_ATEXIT 1
| #define HAVE_BASENAME 1
| #define HAVE_BCMP 1
| #define HAVE_BCOPY 1
| #define HAVE_BSEARCH 1
| #define HAVE_BZERO 1
| #define HAVE_CALLOC 1
| #define HAVE_CLOCK 1
| #define HAVE_FFS 1
| #define HAVE_GETCWD 1
| #define HAVE_GETPAGESIZE 1
| #define HAVE_GETTIMEOFDAY 1
| #define HAVE_INDEX 1
| #define HAVE_INSQUE 1
| #define HAVE_MEMCHR 1
| #define HAVE_MEMCMP 1
| #define HAVE_MEMCPY 1
| #define HAVE_MEMMOVE 1
| #define HAVE_MEMPCPY 1
| #define HAVE_MEMSET 1
| #define HAVE_MKSTEMPS 1
| #define HAVE_PUTENV 1
| #define HAVE_RANDOM 1
| #define HAVE_RENAME 1
| #define HAVE_RINDEX 1
| #define HAVE_SETENV 1
| #define HAVE_SNPRINTF 1
| #define HAVE_SIGSETMASK 1
| #define HAVE_STPCPY 1
| #define HAVE_STPNCPY 1
| #define HAVE_STRCASECMP 1
| #define HAVE_STRCHR 1
| #define HAVE_STRDUP 1
| #define HAVE_STRNCASECMP 1
| #define HAVE_STRNDUP 1
| #define HAVE_STRRCHR 1
| #define HAVE_STRSTR 1
| #define HAVE_STRTOD 1
| #define HAVE_STRTOL 1
| #define HAVE_STRTOUL 1
| #define HAVE_STRVERSCMP 1
| #define HAVE_TMPNAM 1
| #define HAVE_VASPRINTF 1
| #define HAVE_VFPRINTF 1
| #define HAVE_VPRINTF 1
| #define HAVE_VSNPRINTF 1
| #define HAVE_VSPRINTF 1
| #define HAVE_WAITPID 1
| #define STACK_DIRECTION 0
| #define HAVE_UNISTD_H 1
| #define HAVE_FORK 1
| #define HAVE_VFORK 1
| #define HAVE_WORKING_VFORK 1
| #define HAVE_WORKING_FORK 1
| /* end confdefs.h.  */
| /* System header to define __stub macros and hopefully few prototypes,
|     which can conflict with char _doprnt (); below.
|     Prefer <limits.h> to <assert.h> if __STDC__ is defined, since
|     <limits.h> exists even on freestanding compilers.  Under hpux,
|     including <limits.h> includes <sys/time.h> and causes problems
|     checking for functions defined therein.  */
| #if defined (__STDC__) && !defined (_HPUX_SOURCE)
| # include <limits.h>
| #else
| # include <assert.h>
| #endif
| /* Override any gcc2 internal prototype to avoid an error.  */
| #ifdef __cplusplus
| extern "C"
| {
| #endif
| /* We use char because int might match the return type of a gcc2
|    builtin and then its argument prototype would still apply.  */
| char _doprnt ();
| /* The GNU C library defines this for functions which it implements
|     to always fail with ENOSYS.  Some functions are actually named
|     something starting with __ and the normal name is an alias.  */
| #if defined (__stub__doprnt) || defined (__stub____doprnt)
| choke me
| #else
| char (*f) () = _doprnt;
| #endif
| #ifdef __cplusplus
| }
| #endif
| 
| int
| main ()
| {
| return f != _doprnt;
|   ;
|   return 0;
| }
configure:7647: result: no
configure:7660: checking for sys_errlist
configure:7686: arm-marvell-linux-gnueabi-gcc -o conftest -g -O2 -I/home/andrewtsai/test_Grive/unic/module/include -L/home/andrewtsai/test_Grive/unic/module/lib/DNS-327L conftest.c  >&5
configure:7692: $? = 0
configure:7696: test -z 
			 || test ! -s conftest.err
configure:7699: $? = 0
configure:7702: test -s conftest
configure:7705: $? = 0
configure:7719: result: yes
configure:7660: checking for sys_nerr
configure:7686: arm-marvell-linux-gnueabi-gcc -o conftest -g -O2 -I/home/andrewtsai/test_Grive/unic/module/include -L/home/andrewtsai/test_Grive/unic/module/lib/DNS-327L conftest.c  >&5
configure:7692: $? = 0
configure:7696: test -z 
			 || test ! -s conftest.err
configure:7699: $? = 0
configure:7702: test -s conftest
configure:7705: $? = 0
configure:7719: result: yes
configure:7660: checking for sys_siglist
configure:7686: arm-marvell-linux-gnueabi-gcc -o conftest -g -O2 -I/home/andrewtsai/test_Grive/unic/module/include -L/home/andrewtsai/test_Grive/unic/module/lib/DNS-327L conftest.c  >&5
configure:7692: $? = 0
configure:7696: test -z 
			 || test ! -s conftest.err
configure:7699: $? = 0
configure:7702: test -s conftest
configure:7705: $? = 0
configure:7719: result: yes
configure:7734: checking for external symbol _system_configuration
configure:7752: arm-marvell-linux-gnueabi-gcc -c -g -O2 -I/home/andrewtsai/test_Grive/unic/module/include conftest.c >&5
conftest.c:102:27: fatal error: sys/systemcfg.h: No such file or directory
compilation terminated.
configure:7758: $? = 1
configure: failed program was:
| /* confdefs.h.  */
| 
| #define PACKAGE_NAME ""
| #define PACKAGE_TARNAME ""
| #define PACKAGE_VERSION ""
| #define PACKAGE_STRING ""
| #define PACKAGE_BUGREPORT ""
| #define _FILE_OFFSET_BITS 64
| #define HAVE_SYS_FILE_H 1
| #define HAVE_SYS_PARAM_H 1
| #define HAVE_LIMITS_H 1
| #define HAVE_STDLIB_H 1
| #define HAVE_MALLOC_H 1
| #define HAVE_STRING_H 1
| #define HAVE_UNISTD_H 1
| #define HAVE_STRINGS_H 1
| #define HAVE_SYS_TIME_H 1
| #define HAVE_TIME_H 1
| #define HAVE_SYS_RESOURCE_H 1
| #define HAVE_SYS_STAT_H 1
| #define HAVE_SYS_MMAN_H 1
| #define HAVE_FCNTL_H 1
| #define HAVE_ALLOCA_H 1
| #define HAVE_SYS_SYSINFO_H 1
| #define HAVE_SYS_SYSCTL_H 1
| #define HAVE_STDINT_H 1
| #define HAVE_STDIO_EXT_H 1
| #define HAVE_SYS_WAIT_H 1
| #define TIME_WITH_SYS_TIME 1
| #define STDC_HEADERS 1
| #define HAVE_SYS_TYPES_H 1
| #define HAVE_SYS_STAT_H 1
| #define HAVE_STDLIB_H 1
| #define HAVE_STRING_H 1
| #define HAVE_MEMORY_H 1
| #define HAVE_STRINGS_H 1
| #define HAVE_INTTYPES_H 1
| #define HAVE_STDINT_H 1
| #define HAVE_UNISTD_H 1
| #define SIZEOF_INT 4
| #define UNSIGNED_64BIT_TYPE uint64_t
| #define HAVE_UINTPTR_T 1
| #define HAVE_ASPRINTF 1
| #define HAVE_ATEXIT 1
| #define HAVE_BASENAME 1
| #define HAVE_BCMP 1
| #define HAVE_BCOPY 1
| #define HAVE_BSEARCH 1
| #define HAVE_BZERO 1
| #define HAVE_CALLOC 1
| #define HAVE_CLOCK 1
| #define HAVE_FFS 1
| #define HAVE_GETCWD 1
| #define HAVE_GETPAGESIZE 1
| #define HAVE_GETTIMEOFDAY 1
| #define HAVE_INDEX 1
| #define HAVE_INSQUE 1
| #define HAVE_MEMCHR 1
| #define HAVE_MEMCMP 1
| #define HAVE_MEMCPY 1
| #define HAVE_MEMMOVE 1
| #define HAVE_MEMPCPY 1
| #define HAVE_MEMSET 1
| #define HAVE_MKSTEMPS 1
| #define HAVE_PUTENV 1
| #define HAVE_RANDOM 1
| #define HAVE_RENAME 1
| #define HAVE_RINDEX 1
| #define HAVE_SETENV 1
| #define HAVE_SNPRINTF 1
| #define HAVE_SIGSETMASK 1
| #define HAVE_STPCPY 1
| #define HAVE_STPNCPY 1
| #define HAVE_STRCASECMP 1
| #define HAVE_STRCHR 1
| #define HAVE_STRDUP 1
| #define HAVE_STRNCASECMP 1
| #define HAVE_STRNDUP 1
| #define HAVE_STRRCHR 1
| #define HAVE_STRSTR 1
| #define HAVE_STRTOD 1
| #define HAVE_STRTOL 1
| #define HAVE_STRTOUL 1
| #define HAVE_STRVERSCMP 1
| #define HAVE_TMPNAM 1
| #define HAVE_VASPRINTF 1
| #define HAVE_VFPRINTF 1
| #define HAVE_VPRINTF 1
| #define HAVE_VSNPRINTF 1
| #define HAVE_VSPRINTF 1
| #define HAVE_WAITPID 1
| #define STACK_DIRECTION 0
| #define HAVE_UNISTD_H 1
| #define HAVE_FORK 1
| #define HAVE_VFORK 1
| #define HAVE_WORKING_VFORK 1
| #define HAVE_WORKING_FORK 1
| #define HAVE_SYS_ERRLIST 1
| #define HAVE_SYS_NERR 1
| #define HAVE_SYS_SIGLIST 1
| /* end confdefs.h.  */
| #include <sys/systemcfg.h>
| int
| main ()
| {
| double x = _system_configuration.physmem;
|   ;
|   return 0;
| }
configure:7784: result: no
configure:7793: checking for getrusage
configure:7849: arm-marvell-linux-gnueabi-gcc -o conftest -g -O2 -I/home/andrewtsai/test_Grive/unic/module/include -L/home/andrewtsai/test_Grive/unic/module/lib/DNS-327L conftest.c  >&5
configure:7855: $? = 0
configure:7859: test -z 
			 || test ! -s conftest.err
configure:7862: $? = 0
configure:7865: test -s conftest
configure:7868: $? = 0
configure:7880: result: yes
configure:7793: checking for on_exit
configure:7849: arm-marvell-linux-gnueabi-gcc -o conftest -g -O2 -I/home/andrewtsai/test_Grive/unic/module/include -L/home/andrewtsai/test_Grive/unic/module/lib/DNS-327L conftest.c  >&5
configure:7855: $? = 0
configure:7859: test -z 
			 || test ! -s conftest.err
configure:7862: $? = 0
configure:7865: test -s conftest
configure:7868: $? = 0
configure:7880: result: yes
configure:7793: checking for psignal
configure:7849: arm-marvell-linux-gnueabi-gcc -o conftest -g -O2 -I/home/andrewtsai/test_Grive/unic/module/include -L/home/andrewtsai/test_Grive/unic/module/lib/DNS-327L conftest.c  >&5
configure:7855: $? = 0
configure:7859: test -z 
			 || test ! -s conftest.err
configure:7862: $? = 0
configure:7865: test -s conftest
configure:7868: $? = 0
configure:7880: result: yes
configure:7793: checking for strerror
configure:7849: arm-marvell-linux-gnueabi-gcc -o conftest -g -O2 -I/home/andrewtsai/test_Grive/unic/module/include -L/home/andrewtsai/test_Grive/unic/module/lib/DNS-327L conftest.c  >&5
configure:7855: $? = 0
configure:7859: test -z 
			 || test ! -s conftest.err
configure:7862: $? = 0
configure:7865: test -s conftest
configure:7868: $? = 0
configure:7880: result: yes
configure:7793: checking for strsignal
configure:7849: arm-marvell-linux-gnueabi-gcc -o conftest -g -O2 -I/home/andrewtsai/test_Grive/unic/module/include -L/home/andrewtsai/test_Grive/unic/module/lib/DNS-327L conftest.c  >&5
configure:7855: $? = 0
configure:7859: test -z 
			 || test ! -s conftest.err
configure:7862: $? = 0
configure:7865: test -s conftest
configure:7868: $? = 0
configure:7880: result: yes
configure:7793: checking for sysconf
configure:7849: arm-marvell-linux-gnueabi-gcc -o conftest -g -O2 -I/home/andrewtsai/test_Grive/unic/module/include -L/home/andrewtsai/test_Grive/unic/module/lib/DNS-327L conftest.c  >&5
configure:7855: $? = 0
configure:7859: test -z 
			 || test ! -s conftest.err
configure:7862: $? = 0
configure:7865: test -s conftest
configure:7868: $? = 0
configure:7880: result: yes
configure:7793: checking for times
configure:7849: arm-marvell-linux-gnueabi-gcc -o conftest -g -O2 -I/home/andrewtsai/test_Grive/unic/module/include -L/home/andrewtsai/test_Grive/unic/module/lib/DNS-327L conftest.c  >&5
configure:7855: $? = 0
configure:7859: test -z 
			 || test ! -s conftest.err
configure:7862: $? = 0
configure:7865: test -s conftest
configure:7868: $? = 0
configure:7880: result: yes
configure:7793: checking for sbrk
configure:7849: arm-marvell-linux-gnueabi-gcc -o conftest -g -O2 -I/home/andrewtsai/test_Grive/unic/module/include -L/home/andrewtsai/test_Grive/unic/module/lib/DNS-327L conftest.c  >&5
configure:7855: $? = 0
configure:7859: test -z 
			 || test ! -s conftest.err
configure:7862: $? = 0
configure:7865: test -s conftest
configure:7868: $? = 0
configure:7880: result: yes
configure:7793: checking for gettimeofday
configure:7880: result: yes
configure:7793: checking for realpath
configure:7849: arm-marvell-linux-gnueabi-gcc -o conftest -g -O2 -I/home/andrewtsai/test_Grive/unic/module/include -L/home/andrewtsai/test_Grive/unic/module/lib/DNS-327L conftest.c  >&5
configure:7855: $? = 0
configure:7859: test -z 
			 || test ! -s conftest.err
configure:7862: $? = 0
configure:7865: test -s conftest
configure:7868: $? = 0
configure:7880: result: yes
configure:7793: checking for canonicalize_file_name
configure:7849: arm-marvell-linux-gnueabi-gcc -o conftest -g -O2 -I/home/andrewtsai/test_Grive/unic/module/include -L/home/andrewtsai/test_Grive/unic/module/lib/DNS-327L conftest.c  >&5
configure:7855: $? = 0
configure:7859: test -z 
			 || test ! -s conftest.err
configure:7862: $? = 0
configure:7865: test -s conftest
configure:7868: $? = 0
configure:7880: result: yes
configure:7793: checking for pstat_getstatic
configure:7849: arm-marvell-linux-gnueabi-gcc -o conftest -g -O2 -I/home/andrewtsai/test_Grive/unic/module/include -L/home/andrewtsai/test_Grive/unic/module/lib/DNS-327L conftest.c  >&5
/tmp/cc3U7S0T.o:(.data+0x0): undefined reference to `pstat_getstatic'
/tmp/cc3U7S0T.o: In function `main':
/home/andrewtsai/test_gpl/unic-gpl/libiberty/libiberty/conftest.c:150: undefined reference to `pstat_getstatic'
collect2: ld returned 1 exit status
configure:7855: $? = 1
configure: failed program was:
| /* confdefs.h.  */
| 
| #define PACKAGE_NAME ""
| #define PACKAGE_TARNAME ""
| #define PACKAGE_VERSION ""
| #define PACKAGE_STRING ""
| #define PACKAGE_BUGREPORT ""
| #define _FILE_OFFSET_BITS 64
| #define HAVE_SYS_FILE_H 1
| #define HAVE_SYS_PARAM_H 1
| #define HAVE_LIMITS_H 1
| #define HAVE_STDLIB_H 1
| #define HAVE_MALLOC_H 1
| #define HAVE_STRING_H 1
| #define HAVE_UNISTD_H 1
| #define HAVE_STRINGS_H 1
| #define HAVE_SYS_TIME_H 1
| #define HAVE_TIME_H 1
| #define HAVE_SYS_RESOURCE_H 1
| #define HAVE_SYS_STAT_H 1
| #define HAVE_SYS_MMAN_H 1
| #define HAVE_FCNTL_H 1
| #define HAVE_ALLOCA_H 1
| #define HAVE_SYS_SYSINFO_H 1
| #define HAVE_SYS_SYSCTL_H 1
| #define HAVE_STDINT_H 1
| #define HAVE_STDIO_EXT_H 1
| #define HAVE_SYS_WAIT_H 1
| #define TIME_WITH_SYS_TIME 1
| #define STDC_HEADERS 1
| #define HAVE_SYS_TYPES_H 1
| #define HAVE_SYS_STAT_H 1
| #define HAVE_STDLIB_H 1
| #define HAVE_STRING_H 1
| #define HAVE_MEMORY_H 1
| #define HAVE_STRINGS_H 1
| #define HAVE_INTTYPES_H 1
| #define HAVE_STDINT_H 1
| #define HAVE_UNISTD_H 1
| #define SIZEOF_INT 4
| #define UNSIGNED_64BIT_TYPE uint64_t
| #define HAVE_UINTPTR_T 1
| #define HAVE_ASPRINTF 1
| #define HAVE_ATEXIT 1
| #define HAVE_BASENAME 1
| #define HAVE_BCMP 1
| #define HAVE_BCOPY 1
| #define HAVE_BSEARCH 1
| #define HAVE_BZERO 1
| #define HAVE_CALLOC 1
| #define HAVE_CLOCK 1
| #define HAVE_FFS 1
| #define HAVE_GETCWD 1
| #define HAVE_GETPAGESIZE 1
| #define HAVE_GETTIMEOFDAY 1
| #define HAVE_INDEX 1
| #define HAVE_INSQUE 1
| #define HAVE_MEMCHR 1
| #define HAVE_MEMCMP 1
| #define HAVE_MEMCPY 1
| #define HAVE_MEMMOVE 1
| #define HAVE_MEMPCPY 1
| #define HAVE_MEMSET 1
| #define HAVE_MKSTEMPS 1
| #define HAVE_PUTENV 1
| #define HAVE_RANDOM 1
| #define HAVE_RENAME 1
| #define HAVE_RINDEX 1
| #define HAVE_SETENV 1
| #define HAVE_SNPRINTF 1
| #define HAVE_SIGSETMASK 1
| #define HAVE_STPCPY 1
| #define HAVE_STPNCPY 1
| #define HAVE_STRCASECMP 1
| #define HAVE_STRCHR 1
| #define HAVE_STRDUP 1
| #define HAVE_STRNCASECMP 1
| #define HAVE_STRNDUP 1
| #define HAVE_STRRCHR 1
| #define HAVE_STRSTR 1
| #define HAVE_STRTOD 1
| #define HAVE_STRTOL 1
| #define HAVE_STRTOUL 1
| #define HAVE_STRVERSCMP 1
| #define HAVE_TMPNAM 1
| #define HAVE_VASPRINTF 1
| #define HAVE_VFPRINTF 1
| #define HAVE_VPRINTF 1
| #define HAVE_VSNPRINTF 1
| #define HAVE_VSPRINTF 1
| #define HAVE_WAITPID 1
| #define STACK_DIRECTION 0
| #define HAVE_UNISTD_H 1
| #define HAVE_FORK 1
| #define HAVE_VFORK 1
| #define HAVE_WORKING_VFORK 1
| #define HAVE_WORKING_FORK 1
| #define HAVE_SYS_ERRLIST 1
| #define HAVE_SYS_NERR 1
| #define HAVE_SYS_SIGLIST 1
| #define HAVE_GETRUSAGE 1
| #define HAVE_ON_EXIT 1
| #define HAVE_PSIGNAL 1
| #define HAVE_STRERROR 1
| #define HAVE_STRSIGNAL 1
| #define HAVE_SYSCONF 1
| #define HAVE_TIMES 1
| #define HAVE_SBRK 1
| #define HAVE_GETTIMEOFDAY 1
| #define HAVE_REALPATH 1
| #define HAVE_CANONICALIZE_FILE_NAME 1
| /* end confdefs.h.  */
| /* System header to define __stub macros and hopefully few prototypes,
|     which can conflict with char pstat_getstatic (); below.
|     Prefer <limits.h> to <assert.h> if __STDC__ is defined, since
|     <limits.h> exists even on freestanding compilers.  Under hpux,
|     including <limits.h> includes <sys/time.h> and causes problems
|     checking for functions defined therein.  */
| #if defined (__STDC__) && !defined (_HPUX_SOURCE)
| # include <limits.h>
| #else
| # include <assert.h>
| #endif
| /* Override any gcc2 internal prototype to avoid an error.  */
| #ifdef __cplusplus
| extern "C"
| {
| #endif
| /* We use char because int might match the return type of a gcc2
|    builtin and then its argument prototype would still apply.  */
| char pstat_getstatic ();
| /* The GNU C library defines this for functions which it implements
|     to always fail with ENOSYS.  Some functions are actually named
|     something starting with __ and the normal name is an alias.  */
| #if defined (__stub_pstat_getstatic) || defined (__stub___pstat_getstatic)
| choke me
| #else
| char (*f) () = pstat_getstatic;
| #endif
| #ifdef __cplusplus
| }
| #endif
| 
| int
| main ()
| {
| return f != pstat_getstatic;
|   ;
|   return 0;
| }
configure:7880: result: no
configure:7793: checking for pstat_getdynamic
configure:7849: arm-marvell-linux-gnueabi-gcc -o conftest -g -O2 -I/home/andrewtsai/test_Grive/unic/module/include -L/home/andrewtsai/test_Grive/unic/module/lib/DNS-327L conftest.c  >&5
/tmp/ccbTKJhZ.o:(.data+0x0): undefined reference to `pstat_getdynamic'
/tmp/ccbTKJhZ.o: In function `main':
/home/andrewtsai/test_gpl/unic-gpl/libiberty/libiberty/conftest.c:150: undefined reference to `pstat_getdynamic'
collect2: ld returned 1 exit status
configure:7855: $? = 1
configure: failed program was:
| /* confdefs.h.  */
| 
| #define PACKAGE_NAME ""
| #define PACKAGE_TARNAME ""
| #define PACKAGE_VERSION ""
| #define PACKAGE_STRING ""
| #define PACKAGE_BUGREPORT ""
| #define _FILE_OFFSET_BITS 64
| #define HAVE_SYS_FILE_H 1
| #define HAVE_SYS_PARAM_H 1
| #define HAVE_LIMITS_H 1
| #define HAVE_STDLIB_H 1
| #define HAVE_MALLOC_H 1
| #define HAVE_STRING_H 1
| #define HAVE_UNISTD_H 1
| #define HAVE_STRINGS_H 1
| #define HAVE_SYS_TIME_H 1
| #define HAVE_TIME_H 1
| #define HAVE_SYS_RESOURCE_H 1
| #define HAVE_SYS_STAT_H 1
| #define HAVE_SYS_MMAN_H 1
| #define HAVE_FCNTL_H 1
| #define HAVE_ALLOCA_H 1
| #define HAVE_SYS_SYSINFO_H 1
| #define HAVE_SYS_SYSCTL_H 1
| #define HAVE_STDINT_H 1
| #define HAVE_STDIO_EXT_H 1
| #define HAVE_SYS_WAIT_H 1
| #define TIME_WITH_SYS_TIME 1
| #define STDC_HEADERS 1
| #define HAVE_SYS_TYPES_H 1
| #define HAVE_SYS_STAT_H 1
| #define HAVE_STDLIB_H 1
| #define HAVE_STRING_H 1
| #define HAVE_MEMORY_H 1
| #define HAVE_STRINGS_H 1
| #define HAVE_INTTYPES_H 1
| #define HAVE_STDINT_H 1
| #define HAVE_UNISTD_H 1
| #define SIZEOF_INT 4
| #define UNSIGNED_64BIT_TYPE uint64_t
| #define HAVE_UINTPTR_T 1
| #define HAVE_ASPRINTF 1
| #define HAVE_ATEXIT 1
| #define HAVE_BASENAME 1
| #define HAVE_BCMP 1
| #define HAVE_BCOPY 1
| #define HAVE_BSEARCH 1
| #define HAVE_BZERO 1
| #define HAVE_CALLOC 1
| #define HAVE_CLOCK 1
| #define HAVE_FFS 1
| #define HAVE_GETCWD 1
| #define HAVE_GETPAGESIZE 1
| #define HAVE_GETTIMEOFDAY 1
| #define HAVE_INDEX 1
| #define HAVE_INSQUE 1
| #define HAVE_MEMCHR 1
| #define HAVE_MEMCMP 1
| #define HAVE_MEMCPY 1
| #define HAVE_MEMMOVE 1
| #define HAVE_MEMPCPY 1
| #define HAVE_MEMSET 1
| #define HAVE_MKSTEMPS 1
| #define HAVE_PUTENV 1
| #define HAVE_RANDOM 1
| #define HAVE_RENAME 1
| #define HAVE_RINDEX 1
| #define HAVE_SETENV 1
| #define HAVE_SNPRINTF 1
| #define HAVE_SIGSETMASK 1
| #define HAVE_STPCPY 1
| #define HAVE_STPNCPY 1
| #define HAVE_STRCASECMP 1
| #define HAVE_STRCHR 1
| #define HAVE_STRDUP 1
| #define HAVE_STRNCASECMP 1
| #define HAVE_STRNDUP 1
| #define HAVE_STRRCHR 1
| #define HAVE_STRSTR 1
| #define HAVE_STRTOD 1
| #define HAVE_STRTOL 1
| #define HAVE_STRTOUL 1
| #define HAVE_STRVERSCMP 1
| #define HAVE_TMPNAM 1
| #define HAVE_VASPRINTF 1
| #define HAVE_VFPRINTF 1
| #define HAVE_VPRINTF 1
| #define HAVE_VSNPRINTF 1
| #define HAVE_VSPRINTF 1
| #define HAVE_WAITPID 1
| #define STACK_DIRECTION 0
| #define HAVE_UNISTD_H 1
| #define HAVE_FORK 1
| #define HAVE_VFORK 1
| #define HAVE_WORKING_VFORK 1
| #define HAVE_WORKING_FORK 1
| #define HAVE_SYS_ERRLIST 1
| #define HAVE_SYS_NERR 1
| #define HAVE_SYS_SIGLIST 1
| #define HAVE_GETRUSAGE 1
| #define HAVE_ON_EXIT 1
| #define HAVE_PSIGNAL 1
| #define HAVE_STRERROR 1
| #define HAVE_STRSIGNAL 1
| #define HAVE_SYSCONF 1
| #define HAVE_TIMES 1
| #define HAVE_SBRK 1
| #define HAVE_GETTIMEOFDAY 1
| #define HAVE_REALPATH 1
| #define HAVE_CANONICALIZE_FILE_NAME 1
| /* end confdefs.h.  */
| /* System header to define __stub macros and hopefully few prototypes,
|     which can conflict with char pstat_getdynamic (); below.
|     Prefer <limits.h> to <assert.h> if __STDC__ is defined, since
|     <limits.h> exists even on freestanding compilers.  Under hpux,
|     including <limits.h> includes <sys/time.h> and causes problems
|     checking for functions defined therein.  */
| #if defined (__STDC__) && !defined (_HPUX_SOURCE)
| # include <limits.h>
| #else
| # include <assert.h>
| #endif
| /* Override any gcc2 internal prototype to avoid an error.  */
| #ifdef __cplusplus
| extern "C"
| {
| #endif
| /* We use char because int might match the return type of a gcc2
|    builtin and then its argument prototype would still apply.  */
| char pstat_getdynamic ();
| /* The GNU C library defines this for functions which it implements
|     to always fail with ENOSYS.  Some functions are actually named
|     something starting with __ and the normal name is an alias.  */
| #if defined (__stub_pstat_getdynamic) || defined (__stub___pstat_getdynamic)
| choke me
| #else
| char (*f) () = pstat_getdynamic;
| #endif
| #ifdef __cplusplus
| }
| #endif
| 
| int
| main ()
| {
| return f != pstat_getdynamic;
|   ;
|   return 0;
| }
configure:7880: result: no
configure:7793: checking for sysmp
configure:7849: arm-marvell-linux-gnueabi-gcc -o conftest -g -O2 -I/home/andrewtsai/test_Grive/unic/module/include -L/home/andrewtsai/test_Grive/unic/module/lib/DNS-327L conftest.c  >&5
/tmp/ccPrC8f4.o:(.data+0x0): undefined reference to `sysmp'
/tmp/ccPrC8f4.o: In function `main':
/home/andrewtsai/test_gpl/unic-gpl/libiberty/libiberty/conftest.c:150: undefined reference to `sysmp'
collect2: ld returned 1 exit status
configure:7855: $? = 1
configure: failed program was:
| /* confdefs.h.  */
| 
| #define PACKAGE_NAME ""
| #define PACKAGE_TARNAME ""
| #define PACKAGE_VERSION ""
| #define PACKAGE_STRING ""
| #define PACKAGE_BUGREPORT ""
| #define _FILE_OFFSET_BITS 64
| #define HAVE_SYS_FILE_H 1
| #define HAVE_SYS_PARAM_H 1
| #define HAVE_LIMITS_H 1
| #define HAVE_STDLIB_H 1
| #define HAVE_MALLOC_H 1
| #define HAVE_STRING_H 1
| #define HAVE_UNISTD_H 1
| #define HAVE_STRINGS_H 1
| #define HAVE_SYS_TIME_H 1
| #define HAVE_TIME_H 1
| #define HAVE_SYS_RESOURCE_H 1
| #define HAVE_SYS_STAT_H 1
| #define HAVE_SYS_MMAN_H 1
| #define HAVE_FCNTL_H 1
| #define HAVE_ALLOCA_H 1
| #define HAVE_SYS_SYSINFO_H 1
| #define HAVE_SYS_SYSCTL_H 1
| #define HAVE_STDINT_H 1
| #define HAVE_STDIO_EXT_H 1
| #define HAVE_SYS_WAIT_H 1
| #define TIME_WITH_SYS_TIME 1
| #define STDC_HEADERS 1
| #define HAVE_SYS_TYPES_H 1
| #define HAVE_SYS_STAT_H 1
| #define HAVE_STDLIB_H 1
| #define HAVE_STRING_H 1
| #define HAVE_MEMORY_H 1
| #define HAVE_STRINGS_H 1
| #define HAVE_INTTYPES_H 1
| #define HAVE_STDINT_H 1
| #define HAVE_UNISTD_H 1
| #define SIZEOF_INT 4
| #define UNSIGNED_64BIT_TYPE uint64_t
| #define HAVE_UINTPTR_T 1
| #define HAVE_ASPRINTF 1
| #define HAVE_ATEXIT 1
| #define HAVE_BASENAME 1
| #define HAVE_BCMP 1
| #define HAVE_BCOPY 1
| #define HAVE_BSEARCH 1
| #define HAVE_BZERO 1
| #define HAVE_CALLOC 1
| #define HAVE_CLOCK 1
| #define HAVE_FFS 1
| #define HAVE_GETCWD 1
| #define HAVE_GETPAGESIZE 1
| #define HAVE_GETTIMEOFDAY 1
| #define HAVE_INDEX 1
| #define HAVE_INSQUE 1
| #define HAVE_MEMCHR 1
| #define HAVE_MEMCMP 1
| #define HAVE_MEMCPY 1
| #define HAVE_MEMMOVE 1
| #define HAVE_MEMPCPY 1
| #define HAVE_MEMSET 1
| #define HAVE_MKSTEMPS 1
| #define HAVE_PUTENV 1
| #define HAVE_RANDOM 1
| #define HAVE_RENAME 1
| #define HAVE_RINDEX 1
| #define HAVE_SETENV 1
| #define HAVE_SNPRINTF 1
| #define HAVE_SIGSETMASK 1
| #define HAVE_STPCPY 1
| #define HAVE_STPNCPY 1
| #define HAVE_STRCASECMP 1
| #define HAVE_STRCHR 1
| #define HAVE_STRDUP 1
| #define HAVE_STRNCASECMP 1
| #define HAVE_STRNDUP 1
| #define HAVE_STRRCHR 1
| #define HAVE_STRSTR 1
| #define HAVE_STRTOD 1
| #define HAVE_STRTOL 1
| #define HAVE_STRTOUL 1
| #define HAVE_STRVERSCMP 1
| #define HAVE_TMPNAM 1
| #define HAVE_VASPRINTF 1
| #define HAVE_VFPRINTF 1
| #define HAVE_VPRINTF 1
| #define HAVE_VSNPRINTF 1
| #define HAVE_VSPRINTF 1
| #define HAVE_WAITPID 1
| #define STACK_DIRECTION 0
| #define HAVE_UNISTD_H 1
| #define HAVE_FORK 1
| #define HAVE_VFORK 1
| #define HAVE_WORKING_VFORK 1
| #define HAVE_WORKING_FORK 1
| #define HAVE_SYS_ERRLIST 1
| #define HAVE_SYS_NERR 1
| #define HAVE_SYS_SIGLIST 1
| #define HAVE_GETRUSAGE 1
| #define HAVE_ON_EXIT 1
| #define HAVE_PSIGNAL 1
| #define HAVE_STRERROR 1
| #define HAVE_STRSIGNAL 1
| #define HAVE_SYSCONF 1
| #define HAVE_TIMES 1
| #define HAVE_SBRK 1
| #define HAVE_GETTIMEOFDAY 1
| #define HAVE_REALPATH 1
| #define HAVE_CANONICALIZE_FILE_NAME 1
| /* end confdefs.h.  */
| /* System header to define __stub macros and hopefully few prototypes,
|     which can conflict with char sysmp (); below.
|     Prefer <limits.h> to <assert.h> if __STDC__ is defined, since
|     <limits.h> exists even on freestanding compilers.  Under hpux,
|     including <limits.h> includes <sys/time.h> and causes problems
|     checking for functions defined therein.  */
| #if defined (__STDC__) && !defined (_HPUX_SOURCE)
| # include <limits.h>
| #else
| # include <assert.h>
| #endif
| /* Override any gcc2 internal prototype to avoid an error.  */
| #ifdef __cplusplus
| extern "C"
| {
| #endif
| /* We use char because int might match the return type of a gcc2
|    builtin and then its argument prototype would still apply.  */
| char sysmp ();
| /* The GNU C library defines this for functions which it implements
|     to always fail with ENOSYS.  Some functions are actually named
|     something starting with __ and the normal name is an alias.  */
| #if defined (__stub_sysmp) || defined (__stub___sysmp)
| choke me
| #else
| char (*f) () = sysmp;
| #endif
| #ifdef __cplusplus
| }
| #endif
| 
| int
| main ()
| {
| return f != sysmp;
|   ;
|   return 0;
| }
configure:7880: result: no
configure:7793: checking for getsysinfo
configure:7849: arm-marvell-linux-gnueabi-gcc -o conftest -g -O2 -I/home/andrewtsai/test_Grive/unic/module/include -L/home/andrewtsai/test_Grive/unic/module/lib/DNS-327L conftest.c  >&5
/tmp/ccfSDiE9.o:(.data+0x0): undefined reference to `getsysinfo'
/tmp/ccfSDiE9.o: In function `main':
/home/andrewtsai/test_gpl/unic-gpl/libiberty/libiberty/conftest.c:150: undefined reference to `getsysinfo'
collect2: ld returned 1 exit status
configure:7855: $? = 1
configure: failed program was:
| /* confdefs.h.  */
| 
| #define PACKAGE_NAME ""
| #define PACKAGE_TARNAME ""
| #define PACKAGE_VERSION ""
| #define PACKAGE_STRING ""
| #define PACKAGE_BUGREPORT ""
| #define _FILE_OFFSET_BITS 64
| #define HAVE_SYS_FILE_H 1
| #define HAVE_SYS_PARAM_H 1
| #define HAVE_LIMITS_H 1
| #define HAVE_STDLIB_H 1
| #define HAVE_MALLOC_H 1
| #define HAVE_STRING_H 1
| #define HAVE_UNISTD_H 1
| #define HAVE_STRINGS_H 1
| #define HAVE_SYS_TIME_H 1
| #define HAVE_TIME_H 1
| #define HAVE_SYS_RESOURCE_H 1
| #define HAVE_SYS_STAT_H 1
| #define HAVE_SYS_MMAN_H 1
| #define HAVE_FCNTL_H 1
| #define HAVE_ALLOCA_H 1
| #define HAVE_SYS_SYSINFO_H 1
| #define HAVE_SYS_SYSCTL_H 1
| #define HAVE_STDINT_H 1
| #define HAVE_STDIO_EXT_H 1
| #define HAVE_SYS_WAIT_H 1
| #define TIME_WITH_SYS_TIME 1
| #define STDC_HEADERS 1
| #define HAVE_SYS_TYPES_H 1
| #define HAVE_SYS_STAT_H 1
| #define HAVE_STDLIB_H 1
| #define HAVE_STRING_H 1
| #define HAVE_MEMORY_H 1
| #define HAVE_STRINGS_H 1
| #define HAVE_INTTYPES_H 1
| #define HAVE_STDINT_H 1
| #define HAVE_UNISTD_H 1
| #define SIZEOF_INT 4
| #define UNSIGNED_64BIT_TYPE uint64_t
| #define HAVE_UINTPTR_T 1
| #define HAVE_ASPRINTF 1
| #define HAVE_ATEXIT 1
| #define HAVE_BASENAME 1
| #define HAVE_BCMP 1
| #define HAVE_BCOPY 1
| #define HAVE_BSEARCH 1
| #define HAVE_BZERO 1
| #define HAVE_CALLOC 1
| #define HAVE_CLOCK 1
| #define HAVE_FFS 1
| #define HAVE_GETCWD 1
| #define HAVE_GETPAGESIZE 1
| #define HAVE_GETTIMEOFDAY 1
| #define HAVE_INDEX 1
| #define HAVE_INSQUE 1
| #define HAVE_MEMCHR 1
| #define HAVE_MEMCMP 1
| #define HAVE_MEMCPY 1
| #define HAVE_MEMMOVE 1
| #define HAVE_MEMPCPY 1
| #define HAVE_MEMSET 1
| #define HAVE_MKSTEMPS 1
| #define HAVE_PUTENV 1
| #define HAVE_RANDOM 1
| #define HAVE_RENAME 1
| #define HAVE_RINDEX 1
| #define HAVE_SETENV 1
| #define HAVE_SNPRINTF 1
| #define HAVE_SIGSETMASK 1
| #define HAVE_STPCPY 1
| #define HAVE_STPNCPY 1
| #define HAVE_STRCASECMP 1
| #define HAVE_STRCHR 1
| #define HAVE_STRDUP 1
| #define HAVE_STRNCASECMP 1
| #define HAVE_STRNDUP 1
| #define HAVE_STRRCHR 1
| #define HAVE_STRSTR 1
| #define HAVE_STRTOD 1
| #define HAVE_STRTOL 1
| #define HAVE_STRTOUL 1
| #define HAVE_STRVERSCMP 1
| #define HAVE_TMPNAM 1
| #define HAVE_VASPRINTF 1
| #define HAVE_VFPRINTF 1
| #define HAVE_VPRINTF 1
| #define HAVE_VSNPRINTF 1
| #define HAVE_VSPRINTF 1
| #define HAVE_WAITPID 1
| #define STACK_DIRECTION 0
| #define HAVE_UNISTD_H 1
| #define HAVE_FORK 1
| #define HAVE_VFORK 1
| #define HAVE_WORKING_VFORK 1
| #define HAVE_WORKING_FORK 1
| #define HAVE_SYS_ERRLIST 1
| #define HAVE_SYS_NERR 1
| #define HAVE_SYS_SIGLIST 1
| #define HAVE_GETRUSAGE 1
| #define HAVE_ON_EXIT 1
| #define HAVE_PSIGNAL 1
| #define HAVE_STRERROR 1
| #define HAVE_STRSIGNAL 1
| #define HAVE_SYSCONF 1
| #define HAVE_TIMES 1
| #define HAVE_SBRK 1
| #define HAVE_GETTIMEOFDAY 1
| #define HAVE_REALPATH 1
| #define HAVE_CANONICALIZE_FILE_NAME 1
| /* end confdefs.h.  */
| /* System header to define __stub macros and hopefully few prototypes,
|     which can conflict with char getsysinfo (); below.
|     Prefer <limits.h> to <assert.h> if __STDC__ is defined, since
|     <limits.h> exists even on freestanding compilers.  Under hpux,
|     including <limits.h> includes <sys/time.h> and causes problems
|     checking for functions defined therein.  */
| #if defined (__STDC__) && !defined (_HPUX_SOURCE)
| # include <limits.h>
| #else
| # include <assert.h>
| #endif
| /* Override any gcc2 internal prototype to avoid an error.  */
| #ifdef __cplusplus
| extern "C"
| {
| #endif
| /* We use char because int might match the return type of a gcc2
|    builtin and then its argument prototype would still apply.  */
| char getsysinfo ();
| /* The GNU C library defines this for functions which it implements
|     to always fail with ENOSYS.  Some functions are actually named
|     something starting with __ and the normal name is an alias.  */
| #if defined (__stub_getsysinfo) || defined (__stub___getsysinfo)
| choke me
| #else
| char (*f) () = getsysinfo;
| #endif
| #ifdef __cplusplus
| }
| #endif
| 
| int
| main ()
| {
| return f != getsysinfo;
|   ;
|   return 0;
| }
configure:7880: result: no
configure:7793: checking for table
configure:7849: arm-marvell-linux-gnueabi-gcc -o conftest -g -O2 -I/home/andrewtsai/test_Grive/unic/module/include -L/home/andrewtsai/test_Grive/unic/module/lib/DNS-327L conftest.c  >&5
/tmp/ccbwqEze.o:(.data+0x0): undefined reference to `table'
/tmp/ccbwqEze.o: In function `main':
/home/andrewtsai/test_gpl/unic-gpl/libiberty/libiberty/conftest.c:150: undefined reference to `table'
collect2: ld returned 1 exit status
configure:7855: $? = 1
configure: failed program was:
| /* confdefs.h.  */
| 
| #define PACKAGE_NAME ""
| #define PACKAGE_TARNAME ""
| #define PACKAGE_VERSION ""
| #define PACKAGE_STRING ""
| #define PACKAGE_BUGREPORT ""
| #define _FILE_OFFSET_BITS 64
| #define HAVE_SYS_FILE_H 1
| #define HAVE_SYS_PARAM_H 1
| #define HAVE_LIMITS_H 1
| #define HAVE_STDLIB_H 1
| #define HAVE_MALLOC_H 1
| #define HAVE_STRING_H 1
| #define HAVE_UNISTD_H 1
| #define HAVE_STRINGS_H 1
| #define HAVE_SYS_TIME_H 1
| #define HAVE_TIME_H 1
| #define HAVE_SYS_RESOURCE_H 1
| #define HAVE_SYS_STAT_H 1
| #define HAVE_SYS_MMAN_H 1
| #define HAVE_FCNTL_H 1
| #define HAVE_ALLOCA_H 1
| #define HAVE_SYS_SYSINFO_H 1
| #define HAVE_SYS_SYSCTL_H 1
| #define HAVE_STDINT_H 1
| #define HAVE_STDIO_EXT_H 1
| #define HAVE_SYS_WAIT_H 1
| #define TIME_WITH_SYS_TIME 1
| #define STDC_HEADERS 1
| #define HAVE_SYS_TYPES_H 1
| #define HAVE_SYS_STAT_H 1
| #define HAVE_STDLIB_H 1
| #define HAVE_STRING_H 1
| #define HAVE_MEMORY_H 1
| #define HAVE_STRINGS_H 1
| #define HAVE_INTTYPES_H 1
| #define HAVE_STDINT_H 1
| #define HAVE_UNISTD_H 1
| #define SIZEOF_INT 4
| #define UNSIGNED_64BIT_TYPE uint64_t
| #define HAVE_UINTPTR_T 1
| #define HAVE_ASPRINTF 1
| #define HAVE_ATEXIT 1
| #define HAVE_BASENAME 1
| #define HAVE_BCMP 1
| #define HAVE_BCOPY 1
| #define HAVE_BSEARCH 1
| #define HAVE_BZERO 1
| #define HAVE_CALLOC 1
| #define HAVE_CLOCK 1
| #define HAVE_FFS 1
| #define HAVE_GETCWD 1
| #define HAVE_GETPAGESIZE 1
| #define HAVE_GETTIMEOFDAY 1
| #define HAVE_INDEX 1
| #define HAVE_INSQUE 1
| #define HAVE_MEMCHR 1
| #define HAVE_MEMCMP 1
| #define HAVE_MEMCPY 1
| #define HAVE_MEMMOVE 1
| #define HAVE_MEMPCPY 1
| #define HAVE_MEMSET 1
| #define HAVE_MKSTEMPS 1
| #define HAVE_PUTENV 1
| #define HAVE_RANDOM 1
| #define HAVE_RENAME 1
| #define HAVE_RINDEX 1
| #define HAVE_SETENV 1
| #define HAVE_SNPRINTF 1
| #define HAVE_SIGSETMASK 1
| #define HAVE_STPCPY 1
| #define HAVE_STPNCPY 1
| #define HAVE_STRCASECMP 1
| #define HAVE_STRCHR 1
| #define HAVE_STRDUP 1
| #define HAVE_STRNCASECMP 1
| #define HAVE_STRNDUP 1
| #define HAVE_STRRCHR 1
| #define HAVE_STRSTR 1
| #define HAVE_STRTOD 1
| #define HAVE_STRTOL 1
| #define HAVE_STRTOUL 1
| #define HAVE_STRVERSCMP 1
| #define HAVE_TMPNAM 1
| #define HAVE_VASPRINTF 1
| #define HAVE_VFPRINTF 1
| #define HAVE_VPRINTF 1
| #define HAVE_VSNPRINTF 1
| #define HAVE_VSPRINTF 1
| #define HAVE_WAITPID 1
| #define STACK_DIRECTION 0
| #define HAVE_UNISTD_H 1
| #define HAVE_FORK 1
| #define HAVE_VFORK 1
| #define HAVE_WORKING_VFORK 1
| #define HAVE_WORKING_FORK 1
| #define HAVE_SYS_ERRLIST 1
| #define HAVE_SYS_NERR 1
| #define HAVE_SYS_SIGLIST 1
| #define HAVE_GETRUSAGE 1
| #define HAVE_ON_EXIT 1
| #define HAVE_PSIGNAL 1
| #define HAVE_STRERROR 1
| #define HAVE_STRSIGNAL 1
| #define HAVE_SYSCONF 1
| #define HAVE_TIMES 1
| #define HAVE_SBRK 1
| #define HAVE_GETTIMEOFDAY 1
| #define HAVE_REALPATH 1
| #define HAVE_CANONICALIZE_FILE_NAME 1
| /* end confdefs.h.  */
| /* System header to define __stub macros and hopefully few prototypes,
|     which can conflict with char table (); below.
|     Prefer <limits.h> to <assert.h> if __STDC__ is defined, since
|     <limits.h> exists even on freestanding compilers.  Under hpux,
|     including <limits.h> includes <sys/time.h> and causes problems
|     checking for functions defined therein.  */
| #if defined (__STDC__) && !defined (_HPUX_SOURCE)
| # include <limits.h>
| #else
| # include <assert.h>
| #endif
| /* Override any gcc2 internal prototype to avoid an error.  */
| #ifdef __cplusplus
| extern "C"
| {
| #endif
| /* We use char because int might match the return type of a gcc2
|    builtin and then its argument prototype would still apply.  */
| char table ();
| /* The GNU C library defines this for functions which it implements
|     to always fail with ENOSYS.  Some functions are actually named
|     something starting with __ and the normal name is an alias.  */
| #if defined (__stub_table) || defined (__stub___table)
| choke me
| #else
| char (*f) () = table;
| #endif
| #ifdef __cplusplus
| }
| #endif
| 
| int
| main ()
| {
| return f != table;
|   ;
|   return 0;
| }
configure:7880: result: no
configure:7793: checking for sysctl
configure:7849: arm-marvell-linux-gnueabi-gcc -o conftest -g -O2 -I/home/andrewtsai/test_Grive/unic/module/include -L/home/andrewtsai/test_Grive/unic/module/lib/DNS-327L conftest.c  >&5
configure:7855: $? = 0
configure:7859: test -z 
			 || test ! -s conftest.err
configure:7862: $? = 0
configure:7865: test -s conftest
configure:7868: $? = 0
configure:7880: result: yes
configure:7793: checking for wait3
configure:7849: arm-marvell-linux-gnueabi-gcc -o conftest -g -O2 -I/home/andrewtsai/test_Grive/unic/module/include -L/home/andrewtsai/test_Grive/unic/module/lib/DNS-327L conftest.c  >&5
configure:7855: $? = 0
configure:7859: test -z 
			 || test ! -s conftest.err
configure:7862: $? = 0
configure:7865: test -s conftest
configure:7868: $? = 0
configure:7880: result: yes
configure:7793: checking for wait4
configure:7849: arm-marvell-linux-gnueabi-gcc -o conftest -g -O2 -I/home/andrewtsai/test_Grive/unic/module/include -L/home/andrewtsai/test_Grive/unic/module/lib/DNS-327L conftest.c  >&5
configure:7855: $? = 0
configure:7859: test -z 
			 || test ! -s conftest.err
configure:7862: $? = 0
configure:7865: test -s conftest
configure:7868: $? = 0
configure:7880: result: yes
configure:7793: checking for __fsetlocking
configure:7849: arm-marvell-linux-gnueabi-gcc -o conftest -g -O2 -I/home/andrewtsai/test_Grive/unic/module/include -L/home/andrewtsai/test_Grive/unic/module/lib/DNS-327L conftest.c  >&5
configure:7855: $? = 0
configure:7859: test -z 
			 || test ! -s conftest.err
configure:7862: $? = 0
configure:7865: test -s conftest
configure:7868: $? = 0
configure:7880: result: yes
configure:7890: checking whether basename is declared
configure:7914: arm-marvell-linux-gnueabi-gcc -c -g -O2 -I/home/andrewtsai/test_Grive/unic/module/include conftest.c >&5
conftest.c: In function 'main':
conftest.c:155:22: error: 'basename' undeclared (first use in this function)
conftest.c:155:22: note: each undeclared identifier is reported only once for each function it appears in
configure:7920: $? = 1
configure: failed program was:
| /* confdefs.h.  */
| 
| #define PACKAGE_NAME ""
| #define PACKAGE_TARNAME ""
| #define PACKAGE_VERSION ""
| #define PACKAGE_STRING ""
| #define PACKAGE_BUGREPORT ""
| #define _FILE_OFFSET_BITS 64
| #define HAVE_SYS_FILE_H 1
| #define HAVE_SYS_PARAM_H 1
| #define HAVE_LIMITS_H 1
| #define HAVE_STDLIB_H 1
| #define HAVE_MALLOC_H 1
| #define HAVE_STRING_H 1
| #define HAVE_UNISTD_H 1
| #define HAVE_STRINGS_H 1
| #define HAVE_SYS_TIME_H 1
| #define HAVE_TIME_H 1
| #define HAVE_SYS_RESOURCE_H 1
| #define HAVE_SYS_STAT_H 1
| #define HAVE_SYS_MMAN_H 1
| #define HAVE_FCNTL_H 1
| #define HAVE_ALLOCA_H 1
| #define HAVE_SYS_SYSINFO_H 1
| #define HAVE_SYS_SYSCTL_H 1
| #define HAVE_STDINT_H 1
| #define HAVE_STDIO_EXT_H 1
| #define HAVE_SYS_WAIT_H 1
| #define TIME_WITH_SYS_TIME 1
| #define STDC_HEADERS 1
| #define HAVE_SYS_TYPES_H 1
| #define HAVE_SYS_STAT_H 1
| #define HAVE_STDLIB_H 1
| #define HAVE_STRING_H 1
| #define HAVE_MEMORY_H 1
| #define HAVE_STRINGS_H 1
| #define HAVE_INTTYPES_H 1
| #define HAVE_STDINT_H 1
| #define HAVE_UNISTD_H 1
| #define SIZEOF_INT 4
| #define UNSIGNED_64BIT_TYPE uint64_t
| #define HAVE_UINTPTR_T 1
| #define HAVE_ASPRINTF 1
| #define HAVE_ATEXIT 1
| #define HAVE_BASENAME 1
| #define HAVE_BCMP 1
| #define HAVE_BCOPY 1
| #define HAVE_BSEARCH 1
| #define HAVE_BZERO 1
| #define HAVE_CALLOC 1
| #define HAVE_CLOCK 1
| #define HAVE_FFS 1
| #define HAVE_GETCWD 1
| #define HAVE_GETPAGESIZE 1
| #define HAVE_GETTIMEOFDAY 1
| #define HAVE_INDEX 1
| #define HAVE_INSQUE 1
| #define HAVE_MEMCHR 1
| #define HAVE_MEMCMP 1
| #define HAVE_MEMCPY 1
| #define HAVE_MEMMOVE 1
| #define HAVE_MEMPCPY 1
| #define HAVE_MEMSET 1
| #define HAVE_MKSTEMPS 1
| #define HAVE_PUTENV 1
| #define HAVE_RANDOM 1
| #define HAVE_RENAME 1
| #define HAVE_RINDEX 1
| #define HAVE_SETENV 1
| #define HAVE_SNPRINTF 1
| #define HAVE_SIGSETMASK 1
| #define HAVE_STPCPY 1
| #define HAVE_STPNCPY 1
| #define HAVE_STRCASECMP 1
| #define HAVE_STRCHR 1
| #define HAVE_STRDUP 1
| #define HAVE_STRNCASECMP 1
| #define HAVE_STRNDUP 1
| #define HAVE_STRRCHR 1
| #define HAVE_STRSTR 1
| #define HAVE_STRTOD 1
| #define HAVE_STRTOL 1
| #define HAVE_STRTOUL 1
| #define HAVE_STRVERSCMP 1
| #define HAVE_TMPNAM 1
| #define HAVE_VASPRINTF 1
| #define HAVE_VFPRINTF 1
| #define HAVE_VPRINTF 1
| #define HAVE_VSNPRINTF 1
| #define HAVE_VSPRINTF 1
| #define HAVE_WAITPID 1
| #define STACK_DIRECTION 0
| #define HAVE_UNISTD_H 1
| #define HAVE_FORK 1
| #define HAVE_VFORK 1
| #define HAVE_WORKING_VFORK 1
| #define HAVE_WORKING_FORK 1
| #define HAVE_SYS_ERRLIST 1
| #define HAVE_SYS_NERR 1
| #define HAVE_SYS_SIGLIST 1
| #define HAVE_GETRUSAGE 1
| #define HAVE_ON_EXIT 1
| #define HAVE_PSIGNAL 1
| #define HAVE_STRERROR 1
| #define HAVE_STRSIGNAL 1
| #define HAVE_SYSCONF 1
| #define HAVE_TIMES 1
| #define HAVE_SBRK 1
| #define HAVE_GETTIMEOFDAY 1
| #define HAVE_REALPATH 1
| #define HAVE_CANONICALIZE_FILE_NAME 1
| #define HAVE_SYSCTL 1
| #define HAVE_WAIT3 1
| #define HAVE_WAIT4 1
| #define HAVE___FSETLOCKING 1
| /* end confdefs.h.  */
| #include <stdio.h>
| #if HAVE_SYS_TYPES_H
| # include <sys/types.h>
| #endif
| #if HAVE_SYS_STAT_H
| # include <sys/stat.h>
| #endif
| #if STDC_HEADERS
| # include <stdlib.h>
| # include <stddef.h>
| #else
| # if HAVE_STDLIB_H
| #  include <stdlib.h>
| # endif
| #endif
| #if HAVE_STRING_H
| # if !STDC_HEADERS && HAVE_MEMORY_H
| #  include <memory.h>
| # endif
| # include <string.h>
| #endif
| #if HAVE_STRINGS_H
| # include <strings.h>
| #endif
| #if HAVE_INTTYPES_H
| # include <inttypes.h>
| #else
| # if HAVE_STDINT_H
| #  include <stdint.h>
| # endif
| #endif
| #if HAVE_UNISTD_H
| # include <unistd.h>
| #endif
| int
| main ()
| {
| #ifndef basename
|   char *p = (char *) basename;
| #endif
| 
|   ;
|   return 0;
| }
configure:7944: result: no
configure:7960: checking whether ffs is declared
configure:7984: arm-marvell-linux-gnueabi-gcc -c -g -O2 -I/home/andrewtsai/test_Grive/unic/module/include conftest.c >&5
configure:7990: $? = 0
configure:7994: test -z 
			 || test ! -s conftest.err
configure:7997: $? = 0
configure:8000: test -s conftest.o
configure:8003: $? = 0
configure:8014: result: yes
configure:8030: checking whether asprintf is declared
configure:8054: arm-marvell-linux-gnueabi-gcc -c -g -O2 -I/home/andrewtsai/test_Grive/unic/module/include conftest.c >&5
conftest.c: In function 'main':
conftest.c:157:22: error: 'asprintf' undeclared (first use in this function)
conftest.c:157:22: note: each undeclared identifier is reported only once for each function it appears in
configure:8060: $? = 1
configure: failed program was:
| /* confdefs.h.  */
| 
| #define PACKAGE_NAME ""
| #define PACKAGE_TARNAME ""
| #define PACKAGE_VERSION ""
| #define PACKAGE_STRING ""
| #define PACKAGE_BUGREPORT ""
| #define _FILE_OFFSET_BITS 64
| #define HAVE_SYS_FILE_H 1
| #define HAVE_SYS_PARAM_H 1
| #define HAVE_LIMITS_H 1
| #define HAVE_STDLIB_H 1
| #define HAVE_MALLOC_H 1
| #define HAVE_STRING_H 1
| #define HAVE_UNISTD_H 1
| #define HAVE_STRINGS_H 1
| #define HAVE_SYS_TIME_H 1
| #define HAVE_TIME_H 1
| #define HAVE_SYS_RESOURCE_H 1
| #define HAVE_SYS_STAT_H 1
| #define HAVE_SYS_MMAN_H 1
| #define HAVE_FCNTL_H 1
| #define HAVE_ALLOCA_H 1
| #define HAVE_SYS_SYSINFO_H 1
| #define HAVE_SYS_SYSCTL_H 1
| #define HAVE_STDINT_H 1
| #define HAVE_STDIO_EXT_H 1
| #define HAVE_SYS_WAIT_H 1
| #define TIME_WITH_SYS_TIME 1
| #define STDC_HEADERS 1
| #define HAVE_SYS_TYPES_H 1
| #define HAVE_SYS_STAT_H 1
| #define HAVE_STDLIB_H 1
| #define HAVE_STRING_H 1
| #define HAVE_MEMORY_H 1
| #define HAVE_STRINGS_H 1
| #define HAVE_INTTYPES_H 1
| #define HAVE_STDINT_H 1
| #define HAVE_UNISTD_H 1
| #define SIZEOF_INT 4
| #define UNSIGNED_64BIT_TYPE uint64_t
| #define HAVE_UINTPTR_T 1
| #define HAVE_ASPRINTF 1
| #define HAVE_ATEXIT 1
| #define HAVE_BASENAME 1
| #define HAVE_BCMP 1
| #define HAVE_BCOPY 1
| #define HAVE_BSEARCH 1
| #define HAVE_BZERO 1
| #define HAVE_CALLOC 1
| #define HAVE_CLOCK 1
| #define HAVE_FFS 1
| #define HAVE_GETCWD 1
| #define HAVE_GETPAGESIZE 1
| #define HAVE_GETTIMEOFDAY 1
| #define HAVE_INDEX 1
| #define HAVE_INSQUE 1
| #define HAVE_MEMCHR 1
| #define HAVE_MEMCMP 1
| #define HAVE_MEMCPY 1
| #define HAVE_MEMMOVE 1
| #define HAVE_MEMPCPY 1
| #define HAVE_MEMSET 1
| #define HAVE_MKSTEMPS 1
| #define HAVE_PUTENV 1
| #define HAVE_RANDOM 1
| #define HAVE_RENAME 1
| #define HAVE_RINDEX 1
| #define HAVE_SETENV 1
| #define HAVE_SNPRINTF 1
| #define HAVE_SIGSETMASK 1
| #define HAVE_STPCPY 1
| #define HAVE_STPNCPY 1
| #define HAVE_STRCASECMP 1
| #define HAVE_STRCHR 1
| #define HAVE_STRDUP 1
| #define HAVE_STRNCASECMP 1
| #define HAVE_STRNDUP 1
| #define HAVE_STRRCHR 1
| #define HAVE_STRSTR 1
| #define HAVE_STRTOD 1
| #define HAVE_STRTOL 1
| #define HAVE_STRTOUL 1
| #define HAVE_STRVERSCMP 1
| #define HAVE_TMPNAM 1
| #define HAVE_VASPRINTF 1
| #define HAVE_VFPRINTF 1
| #define HAVE_VPRINTF 1
| #define HAVE_VSNPRINTF 1
| #define HAVE_VSPRINTF 1
| #define HAVE_WAITPID 1
| #define STACK_DIRECTION 0
| #define HAVE_UNISTD_H 1
| #define HAVE_FORK 1
| #define HAVE_VFORK 1
| #define HAVE_WORKING_VFORK 1
| #define HAVE_WORKING_FORK 1
| #define HAVE_SYS_ERRLIST 1
| #define HAVE_SYS_NERR 1
| #define HAVE_SYS_SIGLIST 1
| #define HAVE_GETRUSAGE 1
| #define HAVE_ON_EXIT 1
| #define HAVE_PSIGNAL 1
| #define HAVE_STRERROR 1
| #define HAVE_STRSIGNAL 1
| #define HAVE_SYSCONF 1
| #define HAVE_TIMES 1
| #define HAVE_SBRK 1
| #define HAVE_GETTIMEOFDAY 1
| #define HAVE_REALPATH 1
| #define HAVE_CANONICALIZE_FILE_NAME 1
| #define HAVE_SYSCTL 1
| #define HAVE_WAIT3 1
| #define HAVE_WAIT4 1
| #define HAVE___FSETLOCKING 1
| #define HAVE_DECL_BASENAME 0
| #define HAVE_DECL_FFS 1
| /* end confdefs.h.  */
| #include <stdio.h>
| #if HAVE_SYS_TYPES_H
| # include <sys/types.h>
| #endif
| #if HAVE_SYS_STAT_H
| # include <sys/stat.h>
| #endif
| #if STDC_HEADERS
| # include <stdlib.h>
| # include <stddef.h>
| #else
| # if HAVE_STDLIB_H
| #  include <stdlib.h>
| # endif
| #endif
| #if HAVE_STRING_H
| # if !STDC_HEADERS && HAVE_MEMORY_H
| #  include <memory.h>
| # endif
| # include <string.h>
| #endif
| #if HAVE_STRINGS_H
| # include <strings.h>
| #endif
| #if HAVE_INTTYPES_H
| # include <inttypes.h>
| #else
| # if HAVE_STDINT_H
| #  include <stdint.h>
| # endif
| #endif
| #if HAVE_UNISTD_H
| # include <unistd.h>
| #endif
| int
| main ()
| {
| #ifndef asprintf
|   char *p = (char *) asprintf;
| #endif
| 
|   ;
|   return 0;
| }
configure:8084: result: no
configure:8100: checking whether vasprintf is declared
configure:8124: arm-marvell-linux-gnueabi-gcc -c -g -O2 -I/home/andrewtsai/test_Grive/unic/module/include conftest.c >&5
conftest.c: In function 'main':
conftest.c:158:22: error: 'vasprintf' undeclared (first use in this function)
conftest.c:158:22: note: each undeclared identifier is reported only once for each function it appears in
configure:8130: $? = 1
configure: failed program was:
| /* confdefs.h.  */
| 
| #define PACKAGE_NAME ""
| #define PACKAGE_TARNAME ""
| #define PACKAGE_VERSION ""
| #define PACKAGE_STRING ""
| #define PACKAGE_BUGREPORT ""
| #define _FILE_OFFSET_BITS 64
| #define HAVE_SYS_FILE_H 1
| #define HAVE_SYS_PARAM_H 1
| #define HAVE_LIMITS_H 1
| #define HAVE_STDLIB_H 1
| #define HAVE_MALLOC_H 1
| #define HAVE_STRING_H 1
| #define HAVE_UNISTD_H 1
| #define HAVE_STRINGS_H 1
| #define HAVE_SYS_TIME_H 1
| #define HAVE_TIME_H 1
| #define HAVE_SYS_RESOURCE_H 1
| #define HAVE_SYS_STAT_H 1
| #define HAVE_SYS_MMAN_H 1
| #define HAVE_FCNTL_H 1
| #define HAVE_ALLOCA_H 1
| #define HAVE_SYS_SYSINFO_H 1
| #define HAVE_SYS_SYSCTL_H 1
| #define HAVE_STDINT_H 1
| #define HAVE_STDIO_EXT_H 1
| #define HAVE_SYS_WAIT_H 1
| #define TIME_WITH_SYS_TIME 1
| #define STDC_HEADERS 1
| #define HAVE_SYS_TYPES_H 1
| #define HAVE_SYS_STAT_H 1
| #define HAVE_STDLIB_H 1
| #define HAVE_STRING_H 1
| #define HAVE_MEMORY_H 1
| #define HAVE_STRINGS_H 1
| #define HAVE_INTTYPES_H 1
| #define HAVE_STDINT_H 1
| #define HAVE_UNISTD_H 1
| #define SIZEOF_INT 4
| #define UNSIGNED_64BIT_TYPE uint64_t
| #define HAVE_UINTPTR_T 1
| #define HAVE_ASPRINTF 1
| #define HAVE_ATEXIT 1
| #define HAVE_BASENAME 1
| #define HAVE_BCMP 1
| #define HAVE_BCOPY 1
| #define HAVE_BSEARCH 1
| #define HAVE_BZERO 1
| #define HAVE_CALLOC 1
| #define HAVE_CLOCK 1
| #define HAVE_FFS 1
| #define HAVE_GETCWD 1
| #define HAVE_GETPAGESIZE 1
| #define HAVE_GETTIMEOFDAY 1
| #define HAVE_INDEX 1
| #define HAVE_INSQUE 1
| #define HAVE_MEMCHR 1
| #define HAVE_MEMCMP 1
| #define HAVE_MEMCPY 1
| #define HAVE_MEMMOVE 1
| #define HAVE_MEMPCPY 1
| #define HAVE_MEMSET 1
| #define HAVE_MKSTEMPS 1
| #define HAVE_PUTENV 1
| #define HAVE_RANDOM 1
| #define HAVE_RENAME 1
| #define HAVE_RINDEX 1
| #define HAVE_SETENV 1
| #define HAVE_SNPRINTF 1
| #define HAVE_SIGSETMASK 1
| #define HAVE_STPCPY 1
| #define HAVE_STPNCPY 1
| #define HAVE_STRCASECMP 1
| #define HAVE_STRCHR 1
| #define HAVE_STRDUP 1
| #define HAVE_STRNCASECMP 1
| #define HAVE_STRNDUP 1
| #define HAVE_STRRCHR 1
| #define HAVE_STRSTR 1
| #define HAVE_STRTOD 1
| #define HAVE_STRTOL 1
| #define HAVE_STRTOUL 1
| #define HAVE_STRVERSCMP 1
| #define HAVE_TMPNAM 1
| #define HAVE_VASPRINTF 1
| #define HAVE_VFPRINTF 1
| #define HAVE_VPRINTF 1
| #define HAVE_VSNPRINTF 1
| #define HAVE_VSPRINTF 1
| #define HAVE_WAITPID 1
| #define STACK_DIRECTION 0
| #define HAVE_UNISTD_H 1
| #define HAVE_FORK 1
| #define HAVE_VFORK 1
| #define HAVE_WORKING_VFORK 1
| #define HAVE_WORKING_FORK 1
| #define HAVE_SYS_ERRLIST 1
| #define HAVE_SYS_NERR 1
| #define HAVE_SYS_SIGLIST 1
| #define HAVE_GETRUSAGE 1
| #define HAVE_ON_EXIT 1
| #define HAVE_PSIGNAL 1
| #define HAVE_STRERROR 1
| #define HAVE_STRSIGNAL 1
| #define HAVE_SYSCONF 1
| #define HAVE_TIMES 1
| #define HAVE_SBRK 1
| #define HAVE_GETTIMEOFDAY 1
| #define HAVE_REALPATH 1
| #define HAVE_CANONICALIZE_FILE_NAME 1
| #define HAVE_SYSCTL 1
| #define HAVE_WAIT3 1
| #define HAVE_WAIT4 1
| #define HAVE___FSETLOCKING 1
| #define HAVE_DECL_BASENAME 0
| #define HAVE_DECL_FFS 1
| #define HAVE_DECL_ASPRINTF 0
| /* end confdefs.h.  */
| #include <stdio.h>
| #if HAVE_SYS_TYPES_H
| # include <sys/types.h>
| #endif
| #if HAVE_SYS_STAT_H
| # include <sys/stat.h>
| #endif
| #if STDC_HEADERS
| # include <stdlib.h>
| # include <stddef.h>
| #else
| # if HAVE_STDLIB_H
| #  include <stdlib.h>
| # endif
| #endif
| #if HAVE_STRING_H
| # if !STDC_HEADERS && HAVE_MEMORY_H
| #  include <memory.h>
| # endif
| # include <string.h>
| #endif
| #if HAVE_STRINGS_H
| # include <strings.h>
| #endif
| #if HAVE_INTTYPES_H
| # include <inttypes.h>
| #else
| # if HAVE_STDINT_H
| #  include <stdint.h>
| # endif
| #endif
| #if HAVE_UNISTD_H
| # include <unistd.h>
| #endif
| int
| main ()
| {
| #ifndef vasprintf
|   char *p = (char *) vasprintf;
| #endif
| 
|   ;
|   return 0;
| }
configure:8154: result: no
configure:8170: checking whether snprintf is declared
configure:8194: arm-marvell-linux-gnueabi-gcc -c -g -O2 -I/home/andrewtsai/test_Grive/unic/module/include conftest.c >&5
configure:8200: $? = 0
configure:8204: test -z 
			 || test ! -s conftest.err
configure:8207: $? = 0
configure:8210: test -s conftest.o
configure:8213: $? = 0
configure:8224: result: yes
configure:8240: checking whether vsnprintf is declared
configure:8264: arm-marvell-linux-gnueabi-gcc -c -g -O2 -I/home/andrewtsai/test_Grive/unic/module/include conftest.c >&5
configure:8270: $? = 0
configure:8274: test -z 
			 || test ! -s conftest.err
configure:8277: $? = 0
configure:8280: test -s conftest.o
configure:8283: $? = 0
configure:8294: result: yes
configure:8312: checking whether calloc is declared
configure:8336: arm-marvell-linux-gnueabi-gcc -c -g -O2 -I/home/andrewtsai/test_Grive/unic/module/include conftest.c >&5
configure:8342: $? = 0
configure:8346: test -z 
			 || test ! -s conftest.err
configure:8349: $? = 0
configure:8352: test -s conftest.o
configure:8355: $? = 0
configure:8366: result: yes
configure:8382: checking whether getenv is declared
configure:8406: arm-marvell-linux-gnueabi-gcc -c -g -O2 -I/home/andrewtsai/test_Grive/unic/module/include conftest.c >&5
configure:8412: $? = 0
configure:8416: test -z 
			 || test ! -s conftest.err
configure:8419: $? = 0
configure:8422: test -s conftest.o
configure:8425: $? = 0
configure:8436: result: yes
configure:8452: checking whether getopt is declared
configure:8476: arm-marvell-linux-gnueabi-gcc -c -g -O2 -I/home/andrewtsai/test_Grive/unic/module/include conftest.c >&5
configure:8482: $? = 0
configure:8486: test -z 
			 || test ! -s conftest.err
configure:8489: $? = 0
configure:8492: test -s conftest.o
configure:8495: $? = 0
configure:8506: result: yes
configure:8522: checking whether malloc is declared
configure:8546: arm-marvell-linux-gnueabi-gcc -c -g -O2 -I/home/andrewtsai/test_Grive/unic/module/include conftest.c >&5
configure:8552: $? = 0
configure:8556: test -z 
			 || test ! -s conftest.err
configure:8559: $? = 0
configure:8562: test -s conftest.o
configure:8565: $? = 0
configure:8576: result: yes
configure:8592: checking whether realloc is declared
configure:8616: arm-marvell-linux-gnueabi-gcc -c -g -O2 -I/home/andrewtsai/test_Grive/unic/module/include conftest.c >&5
configure:8622: $? = 0
configure:8626: test -z 
			 || test ! -s conftest.err
configure:8629: $? = 0
configure:8632: test -s conftest.o
configure:8635: $? = 0
configure:8646: result: yes
configure:8662: checking whether sbrk is declared
configure:8686: arm-marvell-linux-gnueabi-gcc -c -g -O2 -I/home/andrewtsai/test_Grive/unic/module/include conftest.c >&5
configure:8692: $? = 0
configure:8696: test -z 
			 || test ! -s conftest.err
configure:8699: $? = 0
configure:8702: test -s conftest.o
configure:8705: $? = 0
configure:8716: result: yes
configure:8734: checking whether strverscmp is declared
configure:8758: arm-marvell-linux-gnueabi-gcc -c -g -O2 -I/home/andrewtsai/test_Grive/unic/module/include conftest.c >&5
conftest.c: In function 'main':
conftest.c:167:22: error: 'strverscmp' undeclared (first use in this function)
conftest.c:167:22: note: each undeclared identifier is reported only once for each function it appears in
configure:8764: $? = 1
configure: failed program was:
| /* confdefs.h.  */
| 
| #define PACKAGE_NAME ""
| #define PACKAGE_TARNAME ""
| #define PACKAGE_VERSION ""
| #define PACKAGE_STRING ""
| #define PACKAGE_BUGREPORT ""
| #define _FILE_OFFSET_BITS 64
| #define HAVE_SYS_FILE_H 1
| #define HAVE_SYS_PARAM_H 1
| #define HAVE_LIMITS_H 1
| #define HAVE_STDLIB_H 1
| #define HAVE_MALLOC_H 1
| #define HAVE_STRING_H 1
| #define HAVE_UNISTD_H 1
| #define HAVE_STRINGS_H 1
| #define HAVE_SYS_TIME_H 1
| #define HAVE_TIME_H 1
| #define HAVE_SYS_RESOURCE_H 1
| #define HAVE_SYS_STAT_H 1
| #define HAVE_SYS_MMAN_H 1
| #define HAVE_FCNTL_H 1
| #define HAVE_ALLOCA_H 1
| #define HAVE_SYS_SYSINFO_H 1
| #define HAVE_SYS_SYSCTL_H 1
| #define HAVE_STDINT_H 1
| #define HAVE_STDIO_EXT_H 1
| #define HAVE_SYS_WAIT_H 1
| #define TIME_WITH_SYS_TIME 1
| #define STDC_HEADERS 1
| #define HAVE_SYS_TYPES_H 1
| #define HAVE_SYS_STAT_H 1
| #define HAVE_STDLIB_H 1
| #define HAVE_STRING_H 1
| #define HAVE_MEMORY_H 1
| #define HAVE_STRINGS_H 1
| #define HAVE_INTTYPES_H 1
| #define HAVE_STDINT_H 1
| #define HAVE_UNISTD_H 1
| #define SIZEOF_INT 4
| #define UNSIGNED_64BIT_TYPE uint64_t
| #define HAVE_UINTPTR_T 1
| #define HAVE_ASPRINTF 1
| #define HAVE_ATEXIT 1
| #define HAVE_BASENAME 1
| #define HAVE_BCMP 1
| #define HAVE_BCOPY 1
| #define HAVE_BSEARCH 1
| #define HAVE_BZERO 1
| #define HAVE_CALLOC 1
| #define HAVE_CLOCK 1
| #define HAVE_FFS 1
| #define HAVE_GETCWD 1
| #define HAVE_GETPAGESIZE 1
| #define HAVE_GETTIMEOFDAY 1
| #define HAVE_INDEX 1
| #define HAVE_INSQUE 1
| #define HAVE_MEMCHR 1
| #define HAVE_MEMCMP 1
| #define HAVE_MEMCPY 1
| #define HAVE_MEMMOVE 1
| #define HAVE_MEMPCPY 1
| #define HAVE_MEMSET 1
| #define HAVE_MKSTEMPS 1
| #define HAVE_PUTENV 1
| #define HAVE_RANDOM 1
| #define HAVE_RENAME 1
| #define HAVE_RINDEX 1
| #define HAVE_SETENV 1
| #define HAVE_SNPRINTF 1
| #define HAVE_SIGSETMASK 1
| #define HAVE_STPCPY 1
| #define HAVE_STPNCPY 1
| #define HAVE_STRCASECMP 1
| #define HAVE_STRCHR 1
| #define HAVE_STRDUP 1
| #define HAVE_STRNCASECMP 1
| #define HAVE_STRNDUP 1
| #define HAVE_STRRCHR 1
| #define HAVE_STRSTR 1
| #define HAVE_STRTOD 1
| #define HAVE_STRTOL 1
| #define HAVE_STRTOUL 1
| #define HAVE_STRVERSCMP 1
| #define HAVE_TMPNAM 1
| #define HAVE_VASPRINTF 1
| #define HAVE_VFPRINTF 1
| #define HAVE_VPRINTF 1
| #define HAVE_VSNPRINTF 1
| #define HAVE_VSPRINTF 1
| #define HAVE_WAITPID 1
| #define STACK_DIRECTION 0
| #define HAVE_UNISTD_H 1
| #define HAVE_FORK 1
| #define HAVE_VFORK 1
| #define HAVE_WORKING_VFORK 1
| #define HAVE_WORKING_FORK 1
| #define HAVE_SYS_ERRLIST 1
| #define HAVE_SYS_NERR 1
| #define HAVE_SYS_SIGLIST 1
| #define HAVE_GETRUSAGE 1
| #define HAVE_ON_EXIT 1
| #define HAVE_PSIGNAL 1
| #define HAVE_STRERROR 1
| #define HAVE_STRSIGNAL 1
| #define HAVE_SYSCONF 1
| #define HAVE_TIMES 1
| #define HAVE_SBRK 1
| #define HAVE_GETTIMEOFDAY 1
| #define HAVE_REALPATH 1
| #define HAVE_CANONICALIZE_FILE_NAME 1
| #define HAVE_SYSCTL 1
| #define HAVE_WAIT3 1
| #define HAVE_WAIT4 1
| #define HAVE___FSETLOCKING 1
| #define HAVE_DECL_BASENAME 0
| #define HAVE_DECL_FFS 1
| #define HAVE_DECL_ASPRINTF 0
| #define HAVE_DECL_VASPRINTF 0
| #define HAVE_DECL_SNPRINTF 1
| #define HAVE_DECL_VSNPRINTF 1
| #define HAVE_DECL_CALLOC 1
| #define HAVE_DECL_GETENV 1
| #define HAVE_DECL_GETOPT 1
| #define HAVE_DECL_MALLOC 1
| #define HAVE_DECL_REALLOC 1
| #define HAVE_DECL_SBRK 1
| /* end confdefs.h.  */
| #include <stdio.h>
| #if HAVE_SYS_TYPES_H
| # include <sys/types.h>
| #endif
| #if HAVE_SYS_STAT_H
| # include <sys/stat.h>
| #endif
| #if STDC_HEADERS
| # include <stdlib.h>
| # include <stddef.h>
| #else
| # if HAVE_STDLIB_H
| #  include <stdlib.h>
| # endif
| #endif
| #if HAVE_STRING_H
| # if !STDC_HEADERS && HAVE_MEMORY_H
| #  include <memory.h>
| # endif
| # include <string.h>
| #endif
| #if HAVE_STRINGS_H
| # include <strings.h>
| #endif
| #if HAVE_INTTYPES_H
| # include <inttypes.h>
| #else
| # if HAVE_STDINT_H
| #  include <stdint.h>
| # endif
| #endif
| #if HAVE_UNISTD_H
| # include <unistd.h>
| #endif
| int
| main ()
| {
| #ifndef strverscmp
|   char *p = (char *) strverscmp;
| #endif
| 
|   ;
|   return 0;
| }
configure:8788: result: no
configure:8806: checking whether canonicalize_file_name must be declared
configure:8842: arm-marvell-linux-gnueabi-gcc -c -g -O2 -I/home/andrewtsai/test_Grive/unic/module/include conftest.c >&5
conftest.c: In function 'main':
conftest.c:149:28: error: 'canonicalize_file_name' undeclared (first use in this function)
conftest.c:149:28: note: each undeclared identifier is reported only once for each function it appears in
configure:8848: $? = 1
configure: failed program was:
| /* confdefs.h.  */
| 
| #define PACKAGE_NAME ""
| #define PACKAGE_TARNAME ""
| #define PACKAGE_VERSION ""
| #define PACKAGE_STRING ""
| #define PACKAGE_BUGREPORT ""
| #define _FILE_OFFSET_BITS 64
| #define HAVE_SYS_FILE_H 1
| #define HAVE_SYS_PARAM_H 1
| #define HAVE_LIMITS_H 1
| #define HAVE_STDLIB_H 1
| #define HAVE_MALLOC_H 1
| #define HAVE_STRING_H 1
| #define HAVE_UNISTD_H 1
| #define HAVE_STRINGS_H 1
| #define HAVE_SYS_TIME_H 1
| #define HAVE_TIME_H 1
| #define HAVE_SYS_RESOURCE_H 1
| #define HAVE_SYS_STAT_H 1
| #define HAVE_SYS_MMAN_H 1
| #define HAVE_FCNTL_H 1
| #define HAVE_ALLOCA_H 1
| #define HAVE_SYS_SYSINFO_H 1
| #define HAVE_SYS_SYSCTL_H 1
| #define HAVE_STDINT_H 1
| #define HAVE_STDIO_EXT_H 1
| #define HAVE_SYS_WAIT_H 1
| #define TIME_WITH_SYS_TIME 1
| #define STDC_HEADERS 1
| #define HAVE_SYS_TYPES_H 1
| #define HAVE_SYS_STAT_H 1
| #define HAVE_STDLIB_H 1
| #define HAVE_STRING_H 1
| #define HAVE_MEMORY_H 1
| #define HAVE_STRINGS_H 1
| #define HAVE_INTTYPES_H 1
| #define HAVE_STDINT_H 1
| #define HAVE_UNISTD_H 1
| #define SIZEOF_INT 4
| #define UNSIGNED_64BIT_TYPE uint64_t
| #define HAVE_UINTPTR_T 1
| #define HAVE_ASPRINTF 1
| #define HAVE_ATEXIT 1
| #define HAVE_BASENAME 1
| #define HAVE_BCMP 1
| #define HAVE_BCOPY 1
| #define HAVE_BSEARCH 1
| #define HAVE_BZERO 1
| #define HAVE_CALLOC 1
| #define HAVE_CLOCK 1
| #define HAVE_FFS 1
| #define HAVE_GETCWD 1
| #define HAVE_GETPAGESIZE 1
| #define HAVE_GETTIMEOFDAY 1
| #define HAVE_INDEX 1
| #define HAVE_INSQUE 1
| #define HAVE_MEMCHR 1
| #define HAVE_MEMCMP 1
| #define HAVE_MEMCPY 1
| #define HAVE_MEMMOVE 1
| #define HAVE_MEMPCPY 1
| #define HAVE_MEMSET 1
| #define HAVE_MKSTEMPS 1
| #define HAVE_PUTENV 1
| #define HAVE_RANDOM 1
| #define HAVE_RENAME 1
| #define HAVE_RINDEX 1
| #define HAVE_SETENV 1
| #define HAVE_SNPRINTF 1
| #define HAVE_SIGSETMASK 1
| #define HAVE_STPCPY 1
| #define HAVE_STPNCPY 1
| #define HAVE_STRCASECMP 1
| #define HAVE_STRCHR 1
| #define HAVE_STRDUP 1
| #define HAVE_STRNCASECMP 1
| #define HAVE_STRNDUP 1
| #define HAVE_STRRCHR 1
| #define HAVE_STRSTR 1
| #define HAVE_STRTOD 1
| #define HAVE_STRTOL 1
| #define HAVE_STRTOUL 1
| #define HAVE_STRVERSCMP 1
| #define HAVE_TMPNAM 1
| #define HAVE_VASPRINTF 1
| #define HAVE_VFPRINTF 1
| #define HAVE_VPRINTF 1
| #define HAVE_VSNPRINTF 1
| #define HAVE_VSPRINTF 1
| #define HAVE_WAITPID 1
| #define STACK_DIRECTION 0
| #define HAVE_UNISTD_H 1
| #define HAVE_FORK 1
| #define HAVE_VFORK 1
| #define HAVE_WORKING_VFORK 1
| #define HAVE_WORKING_FORK 1
| #define HAVE_SYS_ERRLIST 1
| #define HAVE_SYS_NERR 1
| #define HAVE_SYS_SIGLIST 1
| #define HAVE_GETRUSAGE 1
| #define HAVE_ON_EXIT 1
| #define HAVE_PSIGNAL 1
| #define HAVE_STRERROR 1
| #define HAVE_STRSIGNAL 1
| #define HAVE_SYSCONF 1
| #define HAVE_TIMES 1
| #define HAVE_SBRK 1
| #define HAVE_GETTIMEOFDAY 1
| #define HAVE_REALPATH 1
| #define HAVE_CANONICALIZE_FILE_NAME 1
| #define HAVE_SYSCTL 1
| #define HAVE_WAIT3 1
| #define HAVE_WAIT4 1
| #define HAVE___FSETLOCKING 1
| #define HAVE_DECL_BASENAME 0
| #define HAVE_DECL_FFS 1
| #define HAVE_DECL_ASPRINTF 0
| #define HAVE_DECL_VASPRINTF 0
| #define HAVE_DECL_SNPRINTF 1
| #define HAVE_DECL_VSNPRINTF 1
| #define HAVE_DECL_CALLOC 1
| #define HAVE_DECL_GETENV 1
| #define HAVE_DECL_GETOPT 1
| #define HAVE_DECL_MALLOC 1
| #define HAVE_DECL_REALLOC 1
| #define HAVE_DECL_SBRK 1
| #define HAVE_DECL_STRVERSCMP 0
| /* end confdefs.h.  */
| 
| #include "confdefs.h"
| #include <stdio.h>
| #ifdef HAVE_STRING_H
| #include <string.h>
| #else
| #ifdef HAVE_STRINGS_H
| #include <strings.h>
| #endif
| #endif
| #ifdef HAVE_STDLIB_H
| #include <stdlib.h>
| #endif
| #ifdef HAVE_UNISTD_H
| #include <unistd.h>
| #endif
| int
| main ()
| {
| char *(*pfn) = (char *(*)) canonicalize_file_name
|   ;
|   return 0;
| }
configure:8873: result: yes
configure:8905: checking for stdlib.h
configure:8945: result: yes
configure:8905: checking for unistd.h
configure:8945: result: yes
configure:8959: checking for getpagesize
configure:9046: result: yes
configure:9056: checking for working mmap
configure:9220: result: no
configure:9233: checking for working strncmp
configure:9333: result: no
configure:9470: creating ./config.status

## ---------------------- ##
## Running config.status. ##
## ---------------------- ##

This file was extended by config.status, which was
generated by GNU Autoconf 2.59.  Invocation command line was

  CONFIG_FILES    = 
  CONFIG_HEADERS  = 
  CONFIG_LINKS    = 
  CONFIG_COMMANDS = 
  $ ./config.status 

on swtest5

config.status:703: creating Makefile
config.status:703: creating testsuite/Makefile
config.status:807: creating config.h
config.status:1193: config.h is unchanged
config.status:1351: executing default commands

## ---------------- ##
## Cache variables. ##
## ---------------- ##

ac_cv_build=x86_64-unknown-linux-gnu
ac_cv_build_alias=x86_64-unknown-linux-gnu
ac_cv_c_bigendian=no
ac_cv_c_compiler_gnu=yes
ac_cv_c_const=yes
ac_cv_c_inline=inline
ac_cv_c_stack_direction=0
ac_cv_env_CC_set=set
ac_cv_env_CC_value=arm-marvell-linux-gnueabi-gcc
ac_cv_env_CFLAGS_set=
ac_cv_env_CFLAGS_value=
ac_cv_env_CPPFLAGS_set=set
ac_cv_env_CPPFLAGS_value=-I/home/andrewtsai/test_Grive/unic/module/include
ac_cv_env_CPP_set=
ac_cv_env_CPP_value=
ac_cv_env_LDFLAGS_set=set
ac_cv_env_LDFLAGS_value=-L/home/andrewtsai/test_Grive/unic/module/lib/DNS-327L
ac_cv_env_build_alias_set=
ac_cv_env_build_alias_value=
ac_cv_env_host_alias_set=set
ac_cv_env_host_alias_value=arm-marvell-linux-gnueabi
ac_cv_env_target_alias_set=
ac_cv_env_target_alias_value=
ac_cv_exeext=
ac_cv_func___fsetlocking=yes
ac_cv_func__doprnt=no
ac_cv_func_asprintf=yes
ac_cv_func_atexit=yes
ac_cv_func_basename=yes
ac_cv_func_bcmp=yes
ac_cv_func_bcopy=yes
ac_cv_func_bsearch=yes
ac_cv_func_bzero=yes
ac_cv_func_calloc=yes
ac_cv_func_canonicalize_file_name=yes
ac_cv_func_clock=yes
ac_cv_func_ffs=yes
ac_cv_func_fork=yes
ac_cv_func_fork_works=yes
ac_cv_func_getcwd=yes
ac_cv_func_getpagesize=yes
ac_cv_func_getrusage=yes
ac_cv_func_getsysinfo=no
ac_cv_func_gettimeofday=yes
ac_cv_func_index=yes
ac_cv_func_insque=yes
ac_cv_func_memchr=yes
ac_cv_func_memcmp=yes
ac_cv_func_memcpy=yes
ac_cv_func_memmove=yes
ac_cv_func_mempcpy=yes
ac_cv_func_memset=yes
ac_cv_func_mkstemps=yes
ac_cv_func_mmap_fixed_mapped=no
ac_cv_func_on_exit=yes
ac_cv_func_psignal=yes
ac_cv_func_pstat_getdynamic=no
ac_cv_func_pstat_getstatic=no
ac_cv_func_putenv=yes
ac_cv_func_random=yes
ac_cv_func_realpath=yes
ac_cv_func_rename=yes
ac_cv_func_rindex=yes
ac_cv_func_sbrk=yes
ac_cv_func_setenv=yes
ac_cv_func_sigsetmask=yes
ac_cv_func_snprintf=yes
ac_cv_func_stpcpy=yes
ac_cv_func_stpncpy=yes
ac_cv_func_strcasecmp=yes
ac_cv_func_strchr=yes
ac_cv_func_strdup=yes
ac_cv_func_strerror=yes
ac_cv_func_strncasecmp=yes
ac_cv_func_strncmp_works=no
ac_cv_func_strndup=yes
ac_cv_func_strrchr=yes
ac_cv_func_strsignal=yes
ac_cv_func_strstr=yes
ac_cv_func_strtod=yes
ac_cv_func_strtol=yes
ac_cv_func_strtoul=yes
ac_cv_func_strverscmp=yes
ac_cv_func_sysconf=yes
ac_cv_func_sysctl=yes
ac_cv_func_sysmp=no
ac_cv_func_table=no
ac_cv_func_times=yes
ac_cv_func_tmpnam=yes
ac_cv_func_vasprintf=yes
ac_cv_func_vfork=yes
ac_cv_func_vfork_works=yes
ac_cv_func_vfprintf=yes
ac_cv_func_vprintf=yes
ac_cv_func_vsnprintf=yes
ac_cv_func_vsprintf=yes
ac_cv_func_wait3=yes
ac_cv_func_wait4=yes
ac_cv_func_waitpid=yes
ac_cv_have_decl_asprintf=no
ac_cv_have_decl_basename=no
ac_cv_have_decl_calloc=yes
ac_cv_have_decl_ffs=yes
ac_cv_have_decl_getenv=yes
ac_cv_have_decl_getopt=yes
ac_cv_have_decl_malloc=yes
ac_cv_have_decl_realloc=yes
ac_cv_have_decl_sbrk=yes
ac_cv_have_decl_snprintf=yes
ac_cv_have_decl_strverscmp=no
ac_cv_have_decl_vasprintf=no
ac_cv_have_decl_vsnprintf=yes
ac_cv_header_alloca_h=yes
ac_cv_header_fcntl_h=yes
ac_cv_header_inttypes_h=yes
ac_cv_header_limits_h=yes
ac_cv_header_machine_hal_sysinfo_h=no
ac_cv_header_malloc_h=yes
ac_cv_header_memory_h=yes
ac_cv_header_stdc=yes
ac_cv_header_stdint_h=yes
ac_cv_header_stdio_ext_h=yes
ac_cv_header_stdlib_h=yes
ac_cv_header_string_h=yes
ac_cv_header_strings_h=yes
ac_cv_header_sys_file_h=yes
ac_cv_header_sys_mman_h=yes
ac_cv_header_sys_param_h=yes
ac_cv_header_sys_pstat_h=no
ac_cv_header_sys_resource_h=yes
ac_cv_header_sys_stat_h=yes
ac_cv_header_sys_sysctl_h=yes
ac_cv_header_sys_sysinfo_h=yes
ac_cv_header_sys_sysmp_h=no
ac_cv_header_sys_systemcfg_h=no
ac_cv_header_sys_table_h=no
ac_cv_header_sys_time_h=yes
ac_cv_header_sys_types_h=yes
ac_cv_header_sys_wait_h=yes
ac_cv_header_time=yes
ac_cv_header_time_h=yes
ac_cv_header_unistd_h=yes
ac_cv_header_vfork_h=no
ac_cv_host=arm-marvell-linux-gnueabi
ac_cv_host_alias=arm-marvell-linux-gnueabi
ac_cv_objext=o
ac_cv_os_cray=no
ac_cv_path_install='/usr/bin/install -c'
ac_cv_prog_AR=arm-marvell-linux-gnueabi-ar
ac_cv_prog_CC=arm-marvell-linux-gnueabi-gcc
ac_cv_prog_CPP='arm-marvell-linux-gnueabi-gcc -E'
ac_cv_prog_PERL=perl
ac_cv_prog_RANLIB=arm-marvell-linux-gnueabi-ranlib
ac_cv_prog_cc_arm_marvell_linux_gnueabi_gcc_c_o=yes
ac_cv_prog_cc_g=yes
ac_cv_prog_cc_stdc=
ac_cv_prog_egrep='grep -E'
ac_cv_search_strerror='none required'
ac_cv_sizeof_int=4
ac_cv_sys_file_offset_bits=64
ac_cv_sys_large_files=no
ac_cv_sys_largefile_CC=no
ac_cv_type_int=yes
ac_cv_type_pid_t=yes
ac_cv_type_uintptr_t=yes
acx_cv_prog_cc_pedantic_=yes
acx_cv_prog_cc_warning__W=yes
acx_cv_prog_cc_warning__Wall=yes
acx_cv_prog_cc_warning__Wcpp_compat=yes
acx_cv_prog_cc_warning__Wstrict_prototypes=yes
acx_cv_prog_cc_warning__Wwrite_strings=yes
liberty_cv_uint64=uint64_t
libiberty_cv_decl_needed_canonicalize_file_name=yes
libiberty_cv_declare_errno=no
libiberty_cv_var_sys_errlist=yes
libiberty_cv_var_sys_nerr=yes
libiberty_cv_var_sys_siglist=yes

## ----------------- ##
## Output variables. ##
## ----------------- ##

AR='arm-marvell-linux-gnueabi-ar'
BUILD_INFO=''
CC='arm-marvell-linux-gnueabi-gcc'
CFLAGS='-g -O2'
CHECK='really-check'
CPP='arm-marvell-linux-gnueabi-gcc -E'
CPPFLAGS='-I/home/andrewtsai/test_Grive/unic/module/include'
DEFS='-DHAVE_CONFIG_H'
ECHO_C=''
ECHO_N='-n'
ECHO_T=''
EGREP='grep -E'
EXEEXT=''
HAVE_PERL=''
INSTALL_DATA='${INSTALL} -m 644'
INSTALL_DEST='libdir'
INSTALL_PROGRAM='${INSTALL}'
INSTALL_SCRIPT='${INSTALL}'
LDFLAGS='-L/home/andrewtsai/test_Grive/unic/module/lib/DNS-327L'
LIBOBJS=' ./strncmp$U.o'
LIBS=''
LTLIBOBJS=' ./strncmp$U.lo'
MAINT='#'
MAKEINFO='@echo makeinfo missing; true'
NOTMAINT=''
NO_MINUS_C_MINUS_O=''
OBJEXT='o'
OUTPUT_OPTION='-o $@'
PACKAGE_BUGREPORT=''
PACKAGE_NAME=''
PACKAGE_STRING=''
PACKAGE_TARNAME=''
PACKAGE_VERSION=''
PATH_SEPARATOR=':'
PERL='perl'
PICFLAG=''
RANLIB='arm-marvell-linux-gnueabi-ranlib'
SHELL='/bin/sh'
ac_ct_AR=''
ac_ct_CC=''
ac_ct_RANLIB=''
ac_libiberty_warn_cflags='-W -Wall -Wwrite-strings -Wc++-compat -Wstrict-prototypes -pedantic '
bindir='${exec_prefix}/bin'
build='x86_64-unknown-linux-gnu'
build_alias=''
build_cpu='x86_64'
build_os='linux-gnu'
build_vendor='unknown'
datadir='${prefix}/share'
datarootdir=''
docdir=''
exec_prefix='${prefix}'
host='arm-marvell-linux-gnueabi'
host_alias='arm-marvell-linux-gnueabi'
host_cpu='arm'
host_os='linux-gnueabi'
host_vendor='marvell'
htmldir=''
includedir='${prefix}/include'
infodir='${prefix}/info'
libdir='${exec_prefix}/lib'
libexecdir='${exec_prefix}/libexec'
libiberty_topdir='./..'
localstatedir='${prefix}/var'
mandir='${prefix}/man'
oldincludedir='/usr/include'
pexecute='./pex-unix.o'
prefix='/home/andrewtsai/test_gpl/unic-gpl/libiberty/xinst/DNS-327L'
program_transform_name='s,x,x,'
sbindir='${exec_prefix}/sbin'
sharedstatedir='${prefix}/com'
sysconfdir='${prefix}/etc'
target_alias=''
target_header_dir=''

## ------------- ##
## Output files. ##
## ------------- ##

host_makefile_frag='xhost-mkfrag'

## ----------- ##
## confdefs.h. ##
## ----------- ##

#define HAVE_ALLOCA_H 1
#define HAVE_ASPRINTF 1
#define HAVE_ATEXIT 1
#define HAVE_BASENAME 1
#define HAVE_BCMP 1
#define HAVE_BCOPY 1
#define HAVE_BSEARCH 1
#define HAVE_BZERO 1
#define HAVE_CALLOC 1
#define HAVE_CANONICALIZE_FILE_NAME 1
#define HAVE_CLOCK 1
#define HAVE_DECL_ASPRINTF 0
#define HAVE_DECL_BASENAME 0
#define HAVE_DECL_CALLOC 1
#define HAVE_DECL_FFS 1
#define HAVE_DECL_GETENV 1
#define HAVE_DECL_GETOPT 1
#define HAVE_DECL_MALLOC 1
#define HAVE_DECL_REALLOC 1
#define HAVE_DECL_SBRK 1
#define HAVE_DECL_SNPRINTF 1
#define HAVE_DECL_STRVERSCMP 0
#define HAVE_DECL_VASPRINTF 0
#define HAVE_DECL_VSNPRINTF 1
#define HAVE_FCNTL_H 1
#define HAVE_FFS 1
#define HAVE_FORK 1
#define HAVE_GETCWD 1
#define HAVE_GETPAGESIZE 1
#define HAVE_GETPAGESIZE 1
#define HAVE_GETRUSAGE 1
#define HAVE_GETTIMEOFDAY 1
#define HAVE_GETTIMEOFDAY 1
#define HAVE_INDEX 1
#define HAVE_INSQUE 1
#define HAVE_INTTYPES_H 1
#define HAVE_LIMITS_H 1
#define HAVE_MALLOC_H 1
#define HAVE_MEMCHR 1
#define HAVE_MEMCMP 1
#define HAVE_MEMCPY 1
#define HAVE_MEMMOVE 1
#define HAVE_MEMORY_H 1
#define HAVE_MEMPCPY 1
#define HAVE_MEMSET 1
#define HAVE_MKSTEMPS 1
#define HAVE_ON_EXIT 1
#define HAVE_PSIGNAL 1
#define HAVE_PUTENV 1
#define HAVE_RANDOM 1
#define HAVE_REALPATH 1
#define HAVE_RENAME 1
#define HAVE_RINDEX 1
#define HAVE_SBRK 1
#define HAVE_SETENV 1
#define HAVE_SIGSETMASK 1
#define HAVE_SNPRINTF 1
#define HAVE_STDINT_H 1
#define HAVE_STDINT_H 1
#define HAVE_STDIO_EXT_H 1
#define HAVE_STDLIB_H 1
#define HAVE_STDLIB_H 1
#define HAVE_STDLIB_H 1
#define HAVE_STPCPY 1
#define HAVE_STPNCPY 1
#define HAVE_STRCASECMP 1
#define HAVE_STRCHR 1
#define HAVE_STRDUP 1
#define HAVE_STRERROR 1
#define HAVE_STRINGS_H 1
#define HAVE_STRINGS_H 1
#define HAVE_STRING_H 1
#define HAVE_STRING_H 1
#define HAVE_STRNCASECMP 1
#define HAVE_STRNDUP 1
#define HAVE_STRRCHR 1
#define HAVE_STRSIGNAL 1
#define HAVE_STRSTR 1
#define HAVE_STRTOD 1
#define HAVE_STRTOL 1
#define HAVE_STRTOUL 1
#define HAVE_STRVERSCMP 1
#define HAVE_SYSCONF 1
#define HAVE_SYSCTL 1
#define HAVE_SYS_ERRLIST 1
#define HAVE_SYS_FILE_H 1
#define HAVE_SYS_MMAN_H 1
#define HAVE_SYS_NERR 1
#define HAVE_SYS_PARAM_H 1
#define HAVE_SYS_RESOURCE_H 1
#define HAVE_SYS_SIGLIST 1
#define HAVE_SYS_STAT_H 1
#define HAVE_SYS_STAT_H 1
#define HAVE_SYS_SYSCTL_H 1
#define HAVE_SYS_SYSINFO_H 1
#define HAVE_SYS_TIME_H 1
#define HAVE_SYS_TYPES_H 1
#define HAVE_SYS_WAIT_H 1
#define HAVE_TIMES 1
#define HAVE_TIME_H 1
#define HAVE_TMPNAM 1
#define HAVE_UINTPTR_T 1
#define HAVE_UNISTD_H 1
#define HAVE_UNISTD_H 1
#define HAVE_UNISTD_H 1
#define HAVE_UNISTD_H 1
#define HAVE_VASPRINTF 1
#define HAVE_VFORK 1
#define HAVE_VFPRINTF 1
#define HAVE_VPRINTF 1
#define HAVE_VSNPRINTF 1
#define HAVE_VSPRINTF 1
#define HAVE_WAIT3 1
#define HAVE_WAIT4 1
#define HAVE_WAITPID 1
#define HAVE_WORKING_FORK 1
#define HAVE_WORKING_VFORK 1
#define HAVE___FSETLOCKING 1
#define NEED_DECLARATION_CANONICALIZE_FILE_NAME 1
#define PACKAGE_BUGREPORT ""
#define PACKAGE_NAME ""
#define PACKAGE_STRING ""
#define PACKAGE_TARNAME ""
#define PACKAGE_VERSION ""
#define SIZEOF_INT 4
#define STACK_DIRECTION 0
#define STDC_HEADERS 1
#define TIME_WITH_SYS_TIME 1
#define UNSIGNED_64BIT_TYPE uint64_t
#define _FILE_OFFSET_BITS 64

configure: exit 0

## ---------------------- ##
## Running config.status. ##
## ---------------------- ##

This file was extended by config.status, which was
generated by GNU Autoconf 2.59.  Invocation command line was

  CONFIG_FILES    = 
  CONFIG_HEADERS  = config.h:./config.in
  CONFIG_LINKS    = 
  CONFIG_COMMANDS = 
  $ ./config.status 

on swtest5

config.status:807: creating config.h
config.status:1351: executing default commands
